{"C:\\Users\\rozse\\Asztali gép\\Iskolai\\Szakmai\\Projekt\\Backstage-Gear\\backend\\src\\advertisement\\advertisementService.ts": {"path":"C:\\Users\\rozse\\Asztali gép\\Iskolai\\Szakmai\\Projekt\\Backstage-Gear\\backend\\src\\advertisement\\advertisementService.ts","statementMap":{"0":{"start":{"line":124,"column":0},"end":{"line":124,"column":22}},"1":{"start":{"line":154,"column":0},"end":{"line":154,"column":22}},"2":{"start":{"line":190,"column":0},"end":{"line":190,"column":22}},"3":{"start":{"line":231,"column":0},"end":{"line":231,"column":22}},"4":{"start":{"line":264,"column":0},"end":{"line":264,"column":22}},"5":{"start":{"line":305,"column":0},"end":{"line":305,"column":22}},"6":{"start":{"line":336,"column":0},"end":{"line":336,"column":22}},"7":{"start":{"line":355,"column":0},"end":{"line":355,"column":22}},"8":{"start":{"line":416,"column":0},"end":{"line":416,"column":22}},"9":{"start":{"line":511,"column":0},"end":{"line":511,"column":22}},"10":{"start":{"line":583,"column":0},"end":{"line":583,"column":22}},"11":{"start":{"line":657,"column":0},"end":{"line":657,"column":22}},"12":{"start":{"line":689,"column":0},"end":{"line":689,"column":22}},"13":{"start":{"line":730,"column":0},"end":{"line":730,"column":22}},"14":{"start":{"line":748,"column":0},"end":{"line":748,"column":22}},"15":{"start":{"line":1,"column":0},"end":{"line":1,"column":54}},"16":{"start":{"line":2,"column":0},"end":{"line":2,"column":20}},"17":{"start":{"line":3,"column":0},"end":{"line":3,"column":24}},"18":{"start":{"line":4,"column":0},"end":{"line":4,"column":38}},"19":{"start":{"line":5,"column":0},"end":{"line":5,"column":32}},"20":{"start":{"line":35,"column":41},"end":{"line":35,"column":null}},"21":{"start":{"line":36,"column":4},"end":{"line":47,"column":8}},"22":{"start":{"line":36,"column":33},"end":{"line":47,"column":7}},"23":{"start":{"line":40,"column":16},"end":{"line":42,"column":17}},"24":{"start":{"line":41,"column":20},"end":{"line":41,"column":71}},"25":{"start":{"line":44,"column":16},"end":{"line":44,"column":63}},"26":{"start":{"line":58,"column":8},"end":{"line":58,"column":16}},"27":{"start":{"line":60,"column":4},"end":{"line":65,"column":5}},"28":{"start":{"line":64,"column":8},"end":{"line":64,"column":46}},"29":{"start":{"line":69,"column":26},"end":{"line":69,"column":68}},"30":{"start":{"line":70,"column":4},"end":{"line":70,"column":53}},"31":{"start":{"line":71,"column":4},"end":{"line":71,"column":25}},"32":{"start":{"line":75,"column":4},"end":{"line":91,"column":5}},"33":{"start":{"line":75,"column":25},"end":{"line":75,"column":37}},"34":{"start":{"line":75,"column":35},"end":{"line":75,"column":37}},"35":{"start":{"line":75,"column":21},"end":{"line":75,"column":25}},"36":{"start":{"line":76,"column":31},"end":{"line":76,"column":81}},"37":{"start":{"line":77,"column":25},"end":{"line":77,"column":60}},"38":{"start":{"line":79,"column":8},"end":{"line":84,"column":9}},"39":{"start":{"line":80,"column":12},"end":{"line":80,"column":42}},"40":{"start":{"line":81,"column":12},"end":{"line":81,"column":21}},"41":{"start":{"line":86,"column":8},"end":{"line":90,"column":9}},"42":{"start":{"line":87,"column":12},"end":{"line":87,"column":36}},"43":{"start":{"line":100,"column":10},"end":{"line":100,"column":48}},"44":{"start":{"line":102,"column":23},"end":{"line":102,"column":null}},"45":{"start":{"line":102,"column":15},"end":{"line":102,"column":23}},"46":{"start":{"line":103,"column":14},"end":{"line":103,"column":37}},"47":{"start":{"line":105,"column":8},"end":{"line":108,"column":10}},"48":{"start":{"line":110,"column":8},"end":{"line":113,"column":10}},"49":{"start":{"line":115,"column":8},"end":{"line":118,"column":10}},"50":{"start":{"line":120,"column":8},"end":{"line":120,"column":32}},"51":{"start":{"line":125,"column":23},"end":{"line":125,"column":null}},"52":{"start":{"line":125,"column":10},"end":{"line":125,"column":null}},"53":{"start":{"line":128,"column":26},"end":{"line":141,"column":23}},"54":{"start":{"line":128,"column":14},"end":{"line":128,"column":26}},"55":{"start":{"line":143,"column":8},"end":{"line":145,"column":9}},"56":{"start":{"line":144,"column":12},"end":{"line":144,"column":38}},"57":{"start":{"line":147,"column":8},"end":{"line":147,"column":43}},"58":{"start":{"line":150,"column":8},"end":{"line":150,"column":31}},"59":{"start":{"line":155,"column":23},"end":{"line":155,"column":null}},"60":{"start":{"line":155,"column":10},"end":{"line":155,"column":null}},"61":{"start":{"line":158,"column":26},"end":{"line":177,"column":23}},"62":{"start":{"line":158,"column":14},"end":{"line":158,"column":26}},"63":{"start":{"line":179,"column":8},"end":{"line":181,"column":9}},"64":{"start":{"line":180,"column":12},"end":{"line":180,"column":38}},"65":{"start":{"line":183,"column":8},"end":{"line":183,"column":43}},"66":{"start":{"line":186,"column":8},"end":{"line":186,"column":31}},"67":{"start":{"line":191,"column":23},"end":{"line":191,"column":null}},"68":{"start":{"line":191,"column":10},"end":{"line":191,"column":null}},"69":{"start":{"line":194,"column":25},"end":{"line":218,"column":23}},"70":{"start":{"line":194,"column":14},"end":{"line":194,"column":25}},"71":{"start":{"line":220,"column":8},"end":{"line":222,"column":9}},"72":{"start":{"line":221,"column":12},"end":{"line":221,"column":44}},"73":{"start":{"line":224,"column":8},"end":{"line":224,"column":42}},"74":{"start":{"line":227,"column":8},"end":{"line":227,"column":31}},"75":{"start":{"line":232,"column":23},"end":{"line":232,"column":null}},"76":{"start":{"line":232,"column":10},"end":{"line":232,"column":null}},"77":{"start":{"line":235,"column":26},"end":{"line":251,"column":23}},"78":{"start":{"line":235,"column":14},"end":{"line":235,"column":26}},"79":{"start":{"line":253,"column":8},"end":{"line":255,"column":9}},"80":{"start":{"line":254,"column":12},"end":{"line":254,"column":38}},"81":{"start":{"line":257,"column":8},"end":{"line":257,"column":43}},"82":{"start":{"line":260,"column":8},"end":{"line":260,"column":31}},"83":{"start":{"line":265,"column":23},"end":{"line":265,"column":null}},"84":{"start":{"line":265,"column":10},"end":{"line":265,"column":null}},"85":{"start":{"line":268,"column":25},"end":{"line":292,"column":23}},"86":{"start":{"line":268,"column":14},"end":{"line":268,"column":25}},"87":{"start":{"line":294,"column":8},"end":{"line":296,"column":9}},"88":{"start":{"line":295,"column":12},"end":{"line":295,"column":49}},"89":{"start":{"line":298,"column":8},"end":{"line":298,"column":49}},"90":{"start":{"line":301,"column":8},"end":{"line":301,"column":31}},"91":{"start":{"line":306,"column":23},"end":{"line":306,"column":null}},"92":{"start":{"line":306,"column":10},"end":{"line":306,"column":null}},"93":{"start":{"line":309,"column":27},"end":{"line":312,"column":23}},"94":{"start":{"line":309,"column":14},"end":{"line":309,"column":27}},"95":{"start":{"line":314,"column":8},"end":{"line":316,"column":9}},"96":{"start":{"line":315,"column":12},"end":{"line":315,"column":44}},"97":{"start":{"line":318,"column":8},"end":{"line":320,"column":9}},"98":{"start":{"line":319,"column":12},"end":{"line":319,"column":48}},"99":{"start":{"line":322,"column":25},"end":{"line":325,"column":23}},"100":{"start":{"line":322,"column":14},"end":{"line":322,"column":25}},"101":{"start":{"line":327,"column":8},"end":{"line":329,"column":9}},"102":{"start":{"line":328,"column":12},"end":{"line":328,"column":45}},"103":{"start":{"line":332,"column":8},"end":{"line":332,"column":31}},"104":{"start":{"line":337,"column":23},"end":{"line":337,"column":null}},"105":{"start":{"line":337,"column":10},"end":{"line":337,"column":null}},"106":{"start":{"line":340,"column":26},"end":{"line":342,"column":23}},"107":{"start":{"line":340,"column":14},"end":{"line":340,"column":26}},"108":{"start":{"line":344,"column":8},"end":{"line":346,"column":9}},"109":{"start":{"line":345,"column":12},"end":{"line":345,"column":41}},"110":{"start":{"line":348,"column":8},"end":{"line":348,"column":23}},"111":{"start":{"line":351,"column":8},"end":{"line":351,"column":31}},"112":{"start":{"line":358,"column":4},"end":{"line":358,"column":null}},"113":{"start":{"line":360,"column":4},"end":{"line":360,"column":33}},"114":{"start":{"line":362,"column":23},"end":{"line":362,"column":null}},"115":{"start":{"line":362,"column":10},"end":{"line":362,"column":null}},"116":{"start":{"line":363,"column":10},"end":{"line":363,"column":36}},"117":{"start":{"line":366,"column":8},"end":{"line":366,"column":44}},"118":{"start":{"line":368,"column":34},"end":{"line":372,"column":null}},"119":{"start":{"line":368,"column":14},"end":{"line":368,"column":34}},"120":{"start":{"line":374,"column":14},"end":{"line":374,"column":43}},"121":{"start":{"line":376,"column":38},"end":{"line":380,"column":null}},"122":{"start":{"line":376,"column":14},"end":{"line":376,"column":38}},"123":{"start":{"line":382,"column":14},"end":{"line":382,"column":51}},"124":{"start":{"line":384,"column":32},"end":{"line":388,"column":null}},"125":{"start":{"line":384,"column":14},"end":{"line":384,"column":32}},"126":{"start":{"line":390,"column":14},"end":{"line":390,"column":39}},"127":{"start":{"line":392,"column":12},"end":{"line":392,"column":17}},"128":{"start":{"line":393,"column":12},"end":{"line":393,"column":73}},"129":{"start":{"line":396,"column":12},"end":{"line":400,"column":14}},"130":{"start":{"line":403,"column":8},"end":{"line":403,"column":34}},"131":{"start":{"line":404,"column":8},"end":{"line":404,"column":20}},"132":{"start":{"line":407,"column":8},"end":{"line":407,"column":36}},"133":{"start":{"line":408,"column":8},"end":{"line":408,"column":38}},"134":{"start":{"line":409,"column":8},"end":{"line":409,"column":20}},"135":{"start":{"line":412,"column":8},"end":{"line":412,"column":31}},"136":{"start":{"line":417,"column":23},"end":{"line":417,"column":null}},"137":{"start":{"line":417,"column":10},"end":{"line":417,"column":null}},"138":{"start":{"line":421,"column":12},"end":{"line":428,"column":null}},"139":{"start":{"line":431,"column":14},"end":{"line":431,"column":43}},"140":{"start":{"line":432,"column":14},"end":{"line":432,"column":33}},"141":{"start":{"line":434,"column":8},"end":{"line":439,"column":9}},"142":{"start":{"line":435,"column":18},"end":{"line":435,"column":100}},"143":{"start":{"line":435,"column":83},"end":{"line":435,"column":99}},"144":{"start":{"line":436,"column":18},"end":{"line":436,"column":99}},"145":{"start":{"line":436,"column":65},"end":{"line":436,"column":85}},"146":{"start":{"line":437,"column":12},"end":{"line":437,"column":60}},"147":{"start":{"line":438,"column":12},"end":{"line":438,"column":79}},"148":{"start":{"line":438,"column":48},"end":{"line":438,"column":78}},"149":{"start":{"line":441,"column":8},"end":{"line":444,"column":9}},"150":{"start":{"line":442,"column":12},"end":{"line":442,"column":49}},"151":{"start":{"line":443,"column":12},"end":{"line":443,"column":41}},"152":{"start":{"line":446,"column":8},"end":{"line":451,"column":9}},"153":{"start":{"line":447,"column":18},"end":{"line":447,"column":102}},"154":{"start":{"line":447,"column":84},"end":{"line":447,"column":101}},"155":{"start":{"line":448,"column":18},"end":{"line":448,"column":105}},"156":{"start":{"line":448,"column":67},"end":{"line":448,"column":91}},"157":{"start":{"line":449,"column":12},"end":{"line":449,"column":61}},"158":{"start":{"line":450,"column":12},"end":{"line":450,"column":74}},"159":{"start":{"line":450,"column":50},"end":{"line":450,"column":73}},"160":{"start":{"line":453,"column":8},"end":{"line":456,"column":9}},"161":{"start":{"line":454,"column":12},"end":{"line":454,"column":48}},"162":{"start":{"line":455,"column":12},"end":{"line":455,"column":42}},"163":{"start":{"line":458,"column":8},"end":{"line":461,"column":9}},"164":{"start":{"line":459,"column":12},"end":{"line":459,"column":48}},"165":{"start":{"line":460,"column":12},"end":{"line":460,"column":42}},"166":{"start":{"line":463,"column":8},"end":{"line":467,"column":9}},"167":{"start":{"line":464,"column":18},"end":{"line":464,"column":42}},"168":{"start":{"line":465,"column":12},"end":{"line":465,"column":74}},"169":{"start":{"line":466,"column":12},"end":{"line":466,"column":36}},"170":{"start":{"line":469,"column":14},"end":{"line":469,"column":46}},"171":{"start":{"line":470,"column":14},"end":{"line":470,"column":48}},"172":{"start":{"line":471,"column":14},"end":{"line":471,"column":54}},"173":{"start":{"line":472,"column":14},"end":{"line":472,"column":99}},"174":{"start":{"line":474,"column":14},"end":{"line":495,"column":10}},"175":{"start":{"line":497,"column":23},"end":{"line":497,"column":null}},"176":{"start":{"line":497,"column":14},"end":{"line":497,"column":23}},"177":{"start":{"line":499,"column":8},"end":{"line":504,"column":10}},"178":{"start":{"line":507,"column":8},"end":{"line":507,"column":29}},"179":{"start":{"line":512,"column":23},"end":{"line":512,"column":null}},"180":{"start":{"line":512,"column":10},"end":{"line":512,"column":null}},"181":{"start":{"line":515,"column":8},"end":{"line":515,"column":44}},"182":{"start":{"line":517,"column":28},"end":{"line":520,"column":null}},"183":{"start":{"line":517,"column":14},"end":{"line":517,"column":19}},"184":{"start":{"line":522,"column":12},"end":{"line":522,"column":13}},"185":{"start":{"line":523,"column":12},"end":{"line":523,"column":40}},"186":{"start":{"line":524,"column":12},"end":{"line":524,"column":57}},"187":{"start":{"line":527,"column":14},"end":{"line":527,"column":43}},"188":{"start":{"line":529,"column":29},"end":{"line":532,"column":null}},"189":{"start":{"line":529,"column":14},"end":{"line":529,"column":20}},"190":{"start":{"line":534,"column":14},"end":{"line":534,"column":36}},"191":{"start":{"line":536,"column":8},"end":{"line":539,"column":10}},"192":{"start":{"line":541,"column":8},"end":{"line":544,"column":10}},"193":{"start":{"line":546,"column":39},"end":{"line":549,"column":null}},"194":{"start":{"line":546,"column":14},"end":{"line":546,"column":30}},"195":{"start":{"line":551,"column":12},"end":{"line":551,"column":25}},"196":{"start":{"line":552,"column":12},"end":{"line":555,"column":14}},"197":{"start":{"line":557,"column":16},"end":{"line":557,"column":22}},"198":{"start":{"line":558,"column":43},"end":{"line":561,"column":null}},"199":{"start":{"line":558,"column":22},"end":{"line":558,"column":34}},"200":{"start":{"line":563,"column":20},"end":{"line":563,"column":29}},"201":{"start":{"line":564,"column":20},"end":{"line":567,"column":22}},"202":{"start":{"line":572,"column":8},"end":{"line":572,"column":34}},"203":{"start":{"line":575,"column":8},"end":{"line":575,"column":36}},"204":{"start":{"line":576,"column":8},"end":{"line":576,"column":20}},"205":{"start":{"line":579,"column":8},"end":{"line":579,"column":31}},"206":{"start":{"line":587,"column":4},"end":{"line":587,"column":null}},"207":{"start":{"line":589,"column":23},"end":{"line":589,"column":null}},"208":{"start":{"line":589,"column":10},"end":{"line":589,"column":null}},"209":{"start":{"line":590,"column":10},"end":{"line":590,"column":36}},"210":{"start":{"line":593,"column":8},"end":{"line":593,"column":44}},"211":{"start":{"line":595,"column":28},"end":{"line":598,"column":null}},"212":{"start":{"line":595,"column":14},"end":{"line":595,"column":19}},"213":{"start":{"line":600,"column":12},"end":{"line":600,"column":13}},"214":{"start":{"line":601,"column":12},"end":{"line":601,"column":40}},"215":{"start":{"line":602,"column":12},"end":{"line":602,"column":44}},"216":{"start":{"line":605,"column":12},"end":{"line":605,"column":20}},"217":{"start":{"line":606,"column":12},"end":{"line":606,"column":40}},"218":{"start":{"line":607,"column":12},"end":{"line":607,"column":44}},"219":{"start":{"line":610,"column":14},"end":{"line":610,"column":43}},"220":{"start":{"line":612,"column":37},"end":{"line":615,"column":null}},"221":{"start":{"line":612,"column":14},"end":{"line":612,"column":28}},"222":{"start":{"line":617,"column":14},"end":{"line":617,"column":44}},"223":{"start":{"line":619,"column":12},"end":{"line":619,"column":18}},"224":{"start":{"line":620,"column":12},"end":{"line":623,"column":14}},"225":{"start":{"line":626,"column":8},"end":{"line":629,"column":10}},"226":{"start":{"line":631,"column":8},"end":{"line":634,"column":10}},"227":{"start":{"line":636,"column":12},"end":{"line":636,"column":17}},"228":{"start":{"line":637,"column":12},"end":{"line":640,"column":14}},"229":{"start":{"line":642,"column":12},"end":{"line":642,"column":73}},"230":{"start":{"line":645,"column":8},"end":{"line":645,"column":34}},"231":{"start":{"line":648,"column":8},"end":{"line":648,"column":36}},"232":{"start":{"line":649,"column":8},"end":{"line":649,"column":38}},"233":{"start":{"line":650,"column":8},"end":{"line":650,"column":20}},"234":{"start":{"line":653,"column":8},"end":{"line":653,"column":31}},"235":{"start":{"line":658,"column":23},"end":{"line":658,"column":null}},"236":{"start":{"line":658,"column":10},"end":{"line":658,"column":null}},"237":{"start":{"line":661,"column":26},"end":{"line":676,"column":23}},"238":{"start":{"line":661,"column":14},"end":{"line":661,"column":26}},"239":{"start":{"line":678,"column":8},"end":{"line":680,"column":9}},"240":{"start":{"line":679,"column":12},"end":{"line":679,"column":38}},"241":{"start":{"line":682,"column":8},"end":{"line":682,"column":43}},"242":{"start":{"line":685,"column":8},"end":{"line":685,"column":31}},"243":{"start":{"line":690,"column":23},"end":{"line":690,"column":null}},"244":{"start":{"line":690,"column":10},"end":{"line":690,"column":null}},"245":{"start":{"line":693,"column":25},"end":{"line":717,"column":23}},"246":{"start":{"line":693,"column":14},"end":{"line":693,"column":25}},"247":{"start":{"line":719,"column":8},"end":{"line":721,"column":9}},"248":{"start":{"line":720,"column":12},"end":{"line":720,"column":53}},"249":{"start":{"line":723,"column":8},"end":{"line":723,"column":42}},"250":{"start":{"line":726,"column":8},"end":{"line":726,"column":31}},"251":{"start":{"line":731,"column":23},"end":{"line":731,"column":null}},"252":{"start":{"line":731,"column":10},"end":{"line":731,"column":null}},"253":{"start":{"line":734,"column":25},"end":{"line":737,"column":23}},"254":{"start":{"line":734,"column":14},"end":{"line":734,"column":25}},"255":{"start":{"line":739,"column":8},"end":{"line":741,"column":9}},"256":{"start":{"line":740,"column":12},"end":{"line":740,"column":53}},"257":{"start":{"line":744,"column":8},"end":{"line":744,"column":31}},"258":{"start":{"line":749,"column":23},"end":{"line":749,"column":null}},"259":{"start":{"line":749,"column":10},"end":{"line":749,"column":null}},"260":{"start":{"line":752,"column":8},"end":{"line":752,"column":44}},"261":{"start":{"line":754,"column":34},"end":{"line":757,"column":23}},"262":{"start":{"line":754,"column":14},"end":{"line":754,"column":34}},"263":{"start":{"line":759,"column":12},"end":{"line":759,"column":27}},"264":{"start":{"line":760,"column":12},"end":{"line":760,"column":40}},"265":{"start":{"line":761,"column":12},"end":{"line":761,"column":53}},"266":{"start":{"line":764,"column":28},"end":{"line":767,"column":null}},"267":{"start":{"line":764,"column":14},"end":{"line":764,"column":19}},"268":{"start":{"line":769,"column":12},"end":{"line":769,"column":13}},"269":{"start":{"line":770,"column":12},"end":{"line":770,"column":40}},"270":{"start":{"line":771,"column":12},"end":{"line":771,"column":57}},"271":{"start":{"line":774,"column":14},"end":{"line":774,"column":43}},"272":{"start":{"line":776,"column":29},"end":{"line":779,"column":null}},"273":{"start":{"line":776,"column":14},"end":{"line":776,"column":20}},"274":{"start":{"line":781,"column":14},"end":{"line":781,"column":36}},"275":{"start":{"line":783,"column":8},"end":{"line":786,"column":10}},"276":{"start":{"line":788,"column":8},"end":{"line":791,"column":10}},"277":{"start":{"line":793,"column":39},"end":{"line":796,"column":null}},"278":{"start":{"line":793,"column":14},"end":{"line":793,"column":30}},"279":{"start":{"line":798,"column":12},"end":{"line":798,"column":25}},"280":{"start":{"line":799,"column":12},"end":{"line":802,"column":14}},"281":{"start":{"line":804,"column":16},"end":{"line":804,"column":22}},"282":{"start":{"line":805,"column":43},"end":{"line":808,"column":null}},"283":{"start":{"line":805,"column":22},"end":{"line":805,"column":34}},"284":{"start":{"line":810,"column":20},"end":{"line":810,"column":29}},"285":{"start":{"line":811,"column":20},"end":{"line":814,"column":22}},"286":{"start":{"line":819,"column":8},"end":{"line":819,"column":34}},"287":{"start":{"line":822,"column":8},"end":{"line":822,"column":36}},"288":{"start":{"line":823,"column":8},"end":{"line":823,"column":20}},"289":{"start":{"line":826,"column":8},"end":{"line":826,"column":31}}},"fnMap":{"0":{"name":"formatAdsWithFiles","decl":{"start":{"line":35,"column":9},"end":{"line":35,"column":27}},"loc":{"start":{"line":35,"column":86},"end":{"line":48,"column":1}}},"1":{"name":"(anonymous_20)","decl":{"start":{"line":36,"column":20},"end":{"line":36,"column":21}},"loc":{"start":{"line":36,"column":28},"end":{"line":36,"column":null}}},"2":{"name":"(anonymous_21)","decl":{"start":{"line":39,"column":38},"end":{"line":39,"column":39}},"loc":{"start":{"line":39,"column":51},"end":{"line":45,"column":13}}},"3":{"name":"ensureCreatePayload","decl":{"start":{"line":50,"column":9},"end":{"line":50,"column":28}},"loc":{"start":{"line":50,"column":66},"end":{"line":66,"column":1}}},"4":{"name":"ensureAdPicturesDir","decl":{"start":{"line":68,"column":9},"end":{"line":68,"column":28}},"loc":{"start":{"line":68,"column":28},"end":{"line":72,"column":1}}},"5":{"name":"cleanupSavedFiles","decl":{"start":{"line":74,"column":9},"end":{"line":74,"column":26}},"loc":{"start":{"line":74,"column":47},"end":{"line":92,"column":1}}},"6":{"name":"saveUploadedFiles","decl":{"start":{"line":94,"column":15},"end":{"line":94,"column":32}},"loc":{"start":{"line":98,"column":24},"end":{"line":122,"column":null}}},"7":{"name":"getAdsService","decl":{"start":{"line":124,"column":22},"end":{"line":124,"column":35}},"loc":{"start":{"line":124,"column":35},"end":{"line":152,"column":null}}},"8":{"name":"getLatestAdsService","decl":{"start":{"line":154,"column":22},"end":{"line":154,"column":41}},"loc":{"start":{"line":154,"column":41},"end":{"line":188,"column":null}}},"9":{"name":"getAdDatasByIdService","decl":{"start":{"line":190,"column":22},"end":{"line":190,"column":43}},"loc":{"start":{"line":190,"column":56},"end":{"line":229,"column":null}}},"10":{"name":"getUserAdsService","decl":{"start":{"line":231,"column":22},"end":{"line":231,"column":39}},"loc":{"start":{"line":231,"column":54},"end":{"line":262,"column":null}}},"11":{"name":"getUserAdByIdService","decl":{"start":{"line":264,"column":22},"end":{"line":264,"column":42}},"loc":{"start":{"line":264,"column":71},"end":{"line":303,"column":null}}},"12":{"name":"reportAdByIdService","decl":{"start":{"line":305,"column":22},"end":{"line":305,"column":41}},"loc":{"start":{"line":305,"column":70},"end":{"line":334,"column":null}}},"13":{"name":"getBrandsService","decl":{"start":{"line":336,"column":22},"end":{"line":336,"column":38}},"loc":{"start":{"line":336,"column":38},"end":{"line":353,"column":null}}},"14":{"name":"postNewAdvertisementService","decl":{"start":{"line":355,"column":22},"end":{"line":355,"column":49}},"loc":{"start":{"line":355,"column":49},"end":{"line":414,"column":null}}},"15":{"name":"getFilteredAdvertisementsService","decl":{"start":{"line":416,"column":22},"end":{"line":416,"column":54}},"loc":{"start":{"line":416,"column":86},"end":{"line":509,"column":null}}},"16":{"name":"(anonymous_55)","decl":{"start":{"line":435,"column":69},"end":{"line":435,"column":70}},"loc":{"start":{"line":435,"column":78},"end":{"line":435,"column":91}}},"17":{"name":"(anonymous_56)","decl":{"start":{"line":436,"column":59},"end":{"line":436,"column":65}},"loc":{"start":{"line":436,"column":59},"end":{"line":436,"column":84}}},"18":{"name":"(anonymous_57)","decl":{"start":{"line":438,"column":34},"end":{"line":438,"column":35}},"loc":{"start":{"line":438,"column":43},"end":{"line":438,"column":54}}},"19":{"name":"(anonymous_58)","decl":{"start":{"line":447,"column":69},"end":{"line":447,"column":70}},"loc":{"start":{"line":447,"column":79},"end":{"line":447,"column":93}}},"20":{"name":"(anonymous_59)","decl":{"start":{"line":448,"column":61},"end":{"line":448,"column":67}},"loc":{"start":{"line":448,"column":61},"end":{"line":448,"column":90}}},"21":{"name":"(anonymous_60)","decl":{"start":{"line":450,"column":35},"end":{"line":450,"column":36}},"loc":{"start":{"line":450,"column":45},"end":{"line":450,"column":56}}},"22":{"name":"deleteOwnAdByIdService","decl":{"start":{"line":511,"column":22},"end":{"line":511,"column":44}},"loc":{"start":{"line":511,"column":73},"end":{"line":581,"column":null}}},"23":{"name":"patchAdByIdService","decl":{"start":{"line":583,"column":22},"end":{"line":583,"column":40}},"loc":{"start":{"line":583,"column":40},"end":{"line":655,"column":null}}},"24":{"name":"getReportedAdsService","decl":{"start":{"line":657,"column":22},"end":{"line":657,"column":43}},"loc":{"start":{"line":657,"column":43},"end":{"line":687,"column":null}}},"25":{"name":"getReportedAdByIdService","decl":{"start":{"line":689,"column":22},"end":{"line":689,"column":46}},"loc":{"start":{"line":689,"column":59},"end":{"line":728,"column":null}}},"26":{"name":"deleteAdFromReportedAdsByIdService","decl":{"start":{"line":730,"column":22},"end":{"line":730,"column":56}},"loc":{"start":{"line":730,"column":69},"end":{"line":746,"column":null}}},"27":{"name":"deleteUsersAdByIdService","decl":{"start":{"line":748,"column":22},"end":{"line":748,"column":46}},"loc":{"start":{"line":748,"column":59},"end":{"line":828,"column":null}}}},"branchMap":{"0":{"loc":{"start":{"line":35,"column":41},"end":{"line":35,"column":null}},"type":"if","locations":[{"start":{"line":35,"column":41},"end":{"line":35,"column":null}}]},"1":{"loc":{"start":{"line":38,"column":15},"end":{"line":46,"column":16}},"type":"cond-expr","locations":[{"start":{"line":39,"column":14},"end":{"line":45,"column":14}},{"start":{"line":46,"column":14},"end":{"line":46,"column":16}}]},"2":{"loc":{"start":{"line":40,"column":16},"end":{"line":42,"column":17}},"type":"if","locations":[{"start":{"line":40,"column":16},"end":{"line":42,"column":17}}]},"3":{"loc":{"start":{"line":40,"column":20},"end":{"line":40,"column":82}},"type":"binary-expr","locations":[{"start":{"line":40,"column":20},"end":{"line":40,"column":49}},{"start":{"line":40,"column":53},"end":{"line":40,"column":82}}]},"4":{"loc":{"start":{"line":60,"column":4},"end":{"line":65,"column":5}},"type":"if","locations":[{"start":{"line":60,"column":4},"end":{"line":65,"column":5}}]},"5":{"loc":{"start":{"line":61,"column":8},"end":{"line":62,"column":44}},"type":"binary-expr","locations":[{"start":{"line":61,"column":8},"end":{"line":61,"column":19}},{"start":{"line":61,"column":23},"end":{"line":61,"column":31}},{"start":{"line":61,"column":35},"end":{"line":61,"column":44}},{"start":{"line":62,"column":8},"end":{"line":62,"column":14}},{"start":{"line":62,"column":18},"end":{"line":62,"column":28}},{"start":{"line":62,"column":32},"end":{"line":62,"column":44}}]},"6":{"loc":{"start":{"line":125,"column":23},"end":{"line":125,"column":null}},"type":"switch","locations":[{"start":{"line":125,"column":23},"end":{"line":125,"column":null}},{"start":{"line":150,"column":8},"end":{"line":150,"column":31}}]},"7":{"loc":{"start":{"line":143,"column":8},"end":{"line":145,"column":9}},"type":"if","locations":[{"start":{"line":143,"column":8},"end":{"line":145,"column":9}}]},"8":{"loc":{"start":{"line":155,"column":23},"end":{"line":155,"column":null}},"type":"switch","locations":[{"start":{"line":155,"column":23},"end":{"line":155,"column":null}},{"start":{"line":186,"column":8},"end":{"line":186,"column":31}}]},"9":{"loc":{"start":{"line":179,"column":8},"end":{"line":181,"column":9}},"type":"if","locations":[{"start":{"line":179,"column":8},"end":{"line":181,"column":9}}]},"10":{"loc":{"start":{"line":191,"column":23},"end":{"line":191,"column":null}},"type":"switch","locations":[{"start":{"line":191,"column":23},"end":{"line":191,"column":null}},{"start":{"line":227,"column":8},"end":{"line":227,"column":31}}]},"11":{"loc":{"start":{"line":220,"column":8},"end":{"line":222,"column":9}},"type":"if","locations":[{"start":{"line":220,"column":8},"end":{"line":222,"column":9}}]},"12":{"loc":{"start":{"line":232,"column":23},"end":{"line":232,"column":null}},"type":"switch","locations":[{"start":{"line":232,"column":23},"end":{"line":232,"column":null}},{"start":{"line":260,"column":8},"end":{"line":260,"column":31}}]},"13":{"loc":{"start":{"line":253,"column":8},"end":{"line":255,"column":9}},"type":"if","locations":[{"start":{"line":253,"column":8},"end":{"line":255,"column":9}}]},"14":{"loc":{"start":{"line":265,"column":23},"end":{"line":265,"column":null}},"type":"switch","locations":[{"start":{"line":265,"column":23},"end":{"line":265,"column":null}},{"start":{"line":301,"column":8},"end":{"line":301,"column":31}}]},"15":{"loc":{"start":{"line":294,"column":8},"end":{"line":296,"column":9}},"type":"if","locations":[{"start":{"line":294,"column":8},"end":{"line":296,"column":9}}]},"16":{"loc":{"start":{"line":306,"column":23},"end":{"line":306,"column":null}},"type":"switch","locations":[{"start":{"line":306,"column":23},"end":{"line":306,"column":null}},{"start":{"line":332,"column":8},"end":{"line":332,"column":31}}]},"17":{"loc":{"start":{"line":314,"column":8},"end":{"line":316,"column":9}},"type":"if","locations":[{"start":{"line":314,"column":8},"end":{"line":316,"column":9}}]},"18":{"loc":{"start":{"line":318,"column":8},"end":{"line":320,"column":9}},"type":"if","locations":[{"start":{"line":318,"column":8},"end":{"line":320,"column":9}}]},"19":{"loc":{"start":{"line":327,"column":8},"end":{"line":329,"column":9}},"type":"if","locations":[{"start":{"line":327,"column":8},"end":{"line":329,"column":9}}]},"20":{"loc":{"start":{"line":337,"column":23},"end":{"line":337,"column":null}},"type":"switch","locations":[{"start":{"line":337,"column":23},"end":{"line":337,"column":null}},{"start":{"line":351,"column":8},"end":{"line":351,"column":31}}]},"21":{"loc":{"start":{"line":344,"column":8},"end":{"line":346,"column":9}},"type":"if","locations":[{"start":{"line":344,"column":8},"end":{"line":346,"column":9}}]},"22":{"loc":{"start":{"line":358,"column":4},"end":{"line":358,"column":null}},"type":"if","locations":[{"start":{"line":358,"column":4},"end":{"line":358,"column":null}}]},"23":{"loc":{"start":{"line":396,"column":12},"end":{"line":400,"column":14}},"type":"switch","locations":[{"start":{"line":396,"column":12},"end":{"line":400,"column":14}},{"start":{"line":403,"column":8},"end":{"line":403,"column":34}},{"start":{"line":412,"column":8},"end":{"line":412,"column":31}}]},"24":{"loc":{"start":{"line":392,"column":12},"end":{"line":392,"column":17}},"type":"if","locations":[{"start":{"line":392,"column":12},"end":{"line":392,"column":17}}]},"25":{"loc":{"start":{"line":417,"column":23},"end":{"line":417,"column":null}},"type":"switch","locations":[{"start":{"line":417,"column":23},"end":{"line":417,"column":null}}]},"26":{"loc":{"start":{"line":427,"column":16},"end":{"line":427,"column":null}},"type":"cond-expr","locations":[{"start":{"line":427,"column":19},"end":{"line":427,"column":22}},{"start":{"line":427,"column":22},"end":{"line":427,"column":null}}]},"27":{"loc":{"start":{"line":428,"column":17},"end":{"line":428,"column":null}},"type":"cond-expr","locations":[{"start":{"line":428,"column":20},"end":{"line":428,"column":24}},{"start":{"line":428,"column":24},"end":{"line":428,"column":null}}]},"28":{"loc":{"start":{"line":434,"column":8},"end":{"line":439,"column":9}},"type":"if","locations":[{"start":{"line":434,"column":8},"end":{"line":439,"column":9}}]},"29":{"loc":{"start":{"line":441,"column":8},"end":{"line":444,"column":9}},"type":"if","locations":[{"start":{"line":441,"column":8},"end":{"line":444,"column":9}}]},"30":{"loc":{"start":{"line":446,"column":8},"end":{"line":451,"column":9}},"type":"if","locations":[{"start":{"line":446,"column":8},"end":{"line":451,"column":9}}]},"31":{"loc":{"start":{"line":453,"column":8},"end":{"line":456,"column":9}},"type":"if","locations":[{"start":{"line":453,"column":8},"end":{"line":456,"column":9}}]},"32":{"loc":{"start":{"line":458,"column":8},"end":{"line":461,"column":9}},"type":"if","locations":[{"start":{"line":458,"column":8},"end":{"line":461,"column":9}}]},"33":{"loc":{"start":{"line":463,"column":8},"end":{"line":467,"column":9}},"type":"if","locations":[{"start":{"line":463,"column":8},"end":{"line":467,"column":9}}]},"34":{"loc":{"start":{"line":472,"column":28},"end":{"line":472,"column":98}},"type":"cond-expr","locations":[{"start":{"line":472,"column":55},"end":{"line":472,"column":93}},{"start":{"line":472,"column":96},"end":{"line":472,"column":98}}]},"35":{"loc":{"start":{"line":512,"column":23},"end":{"line":512,"column":null}},"type":"switch","locations":[{"start":{"line":512,"column":23},"end":{"line":512,"column":null}},{"start":{"line":572,"column":8},"end":{"line":572,"column":34}},{"start":{"line":579,"column":8},"end":{"line":579,"column":31}}]},"36":{"loc":{"start":{"line":522,"column":12},"end":{"line":522,"column":13}},"type":"if","locations":[{"start":{"line":522,"column":12},"end":{"line":522,"column":13}}]},"37":{"loc":{"start":{"line":534,"column":23},"end":{"line":534,"column":35}},"type":"cond-expr","locations":[{"start":{"line":534,"column":26},"end":{"line":534,"column":28}},{"start":{"line":534,"column":23},"end":{"line":534,"column":35}}]},"38":{"loc":{"start":{"line":534,"column":23},"end":{"line":534,"column":28}},"type":"binary-expr","locations":[{"start":{"line":534,"column":23},"end":{"line":534,"column":28}},{"start":{"line":534,"column":23},"end":{"line":534,"column":28}}]},"39":{"loc":{"start":{"line":551,"column":12},"end":{"line":551,"column":25}},"type":"if","locations":[{"start":{"line":551,"column":12},"end":{"line":551,"column":25}}]},"40":{"loc":{"start":{"line":557,"column":16},"end":{"line":557,"column":22}},"type":"if","locations":[{"start":{"line":557,"column":16},"end":{"line":557,"column":22}}]},"41":{"loc":{"start":{"line":563,"column":20},"end":{"line":563,"column":29}},"type":"if","locations":[{"start":{"line":563,"column":20},"end":{"line":563,"column":29}}]},"42":{"loc":{"start":{"line":587,"column":4},"end":{"line":587,"column":null}},"type":"if","locations":[{"start":{"line":587,"column":4},"end":{"line":587,"column":null}}]},"43":{"loc":{"start":{"line":589,"column":23},"end":{"line":589,"column":null}},"type":"switch","locations":[{"start":{"line":589,"column":23},"end":{"line":589,"column":null}},{"start":{"line":626,"column":8},"end":{"line":629,"column":10}},{"start":{"line":645,"column":8},"end":{"line":645,"column":34}},{"start":{"line":653,"column":8},"end":{"line":653,"column":31}}]},"44":{"loc":{"start":{"line":600,"column":12},"end":{"line":600,"column":13}},"type":"if","locations":[{"start":{"line":600,"column":12},"end":{"line":600,"column":13}}]},"45":{"loc":{"start":{"line":605,"column":12},"end":{"line":605,"column":20}},"type":"if","locations":[{"start":{"line":605,"column":12},"end":{"line":605,"column":20}}]},"46":{"loc":{"start":{"line":617,"column":23},"end":{"line":617,"column":43}},"type":"cond-expr","locations":[{"start":{"line":617,"column":34},"end":{"line":617,"column":36}},{"start":{"line":617,"column":23},"end":{"line":617,"column":43}}]},"47":{"loc":{"start":{"line":617,"column":23},"end":{"line":617,"column":36}},"type":"binary-expr","locations":[{"start":{"line":617,"column":23},"end":{"line":617,"column":36}},{"start":{"line":617,"column":23},"end":{"line":617,"column":36}}]},"48":{"loc":{"start":{"line":619,"column":12},"end":{"line":619,"column":18}},"type":"if","locations":[{"start":{"line":619,"column":12},"end":{"line":619,"column":18}}]},"49":{"loc":{"start":{"line":622,"column":17},"end":{"line":622,"column":41}},"type":"cond-expr","locations":[{"start":{"line":622,"column":33},"end":{"line":622,"column":37}},{"start":{"line":622,"column":37},"end":{"line":622,"column":41}}]},"50":{"loc":{"start":{"line":622,"column":17},"end":{"line":622,"column":37}},"type":"binary-expr","locations":[{"start":{"line":622,"column":17},"end":{"line":622,"column":37}},{"start":{"line":622,"column":33},"end":{"line":622,"column":37}}]},"51":{"loc":{"start":{"line":622,"column":43},"end":{"line":622,"column":69}},"type":"cond-expr","locations":[{"start":{"line":622,"column":61},"end":{"line":622,"column":65}},{"start":{"line":622,"column":65},"end":{"line":622,"column":69}}]},"52":{"loc":{"start":{"line":622,"column":43},"end":{"line":622,"column":65}},"type":"binary-expr","locations":[{"start":{"line":622,"column":43},"end":{"line":622,"column":65}},{"start":{"line":622,"column":61},"end":{"line":622,"column":65}}]},"53":{"loc":{"start":{"line":622,"column":71},"end":{"line":622,"column":94}},"type":"cond-expr","locations":[{"start":{"line":622,"column":86},"end":{"line":622,"column":90}},{"start":{"line":622,"column":90},"end":{"line":622,"column":94}}]},"54":{"loc":{"start":{"line":622,"column":71},"end":{"line":622,"column":90}},"type":"binary-expr","locations":[{"start":{"line":622,"column":71},"end":{"line":622,"column":90}},{"start":{"line":622,"column":86},"end":{"line":622,"column":90}}]},"55":{"loc":{"start":{"line":628,"column":13},"end":{"line":628,"column":34}},"type":"cond-expr","locations":[{"start":{"line":628,"column":26},"end":{"line":628,"column":30}},{"start":{"line":628,"column":30},"end":{"line":628,"column":34}}]},"56":{"loc":{"start":{"line":628,"column":13},"end":{"line":628,"column":30}},"type":"binary-expr","locations":[{"start":{"line":628,"column":13},"end":{"line":628,"column":30}},{"start":{"line":628,"column":26},"end":{"line":628,"column":30}}]},"57":{"loc":{"start":{"line":628,"column":36},"end":{"line":628,"column":61}},"type":"cond-expr","locations":[{"start":{"line":628,"column":53},"end":{"line":628,"column":57}},{"start":{"line":628,"column":57},"end":{"line":628,"column":61}}]},"58":{"loc":{"start":{"line":628,"column":36},"end":{"line":628,"column":57}},"type":"binary-expr","locations":[{"start":{"line":628,"column":36},"end":{"line":628,"column":57}},{"start":{"line":628,"column":53},"end":{"line":628,"column":57}}]},"59":{"loc":{"start":{"line":633,"column":13},"end":{"line":633,"column":40}},"type":"cond-expr","locations":[{"start":{"line":633,"column":32},"end":{"line":633,"column":36}},{"start":{"line":633,"column":36},"end":{"line":633,"column":40}}]},"60":{"loc":{"start":{"line":633,"column":13},"end":{"line":633,"column":36}},"type":"binary-expr","locations":[{"start":{"line":633,"column":13},"end":{"line":633,"column":36}},{"start":{"line":633,"column":32},"end":{"line":633,"column":36}}]},"61":{"loc":{"start":{"line":636,"column":12},"end":{"line":636,"column":17}},"type":"if","locations":[{"start":{"line":636,"column":12},"end":{"line":636,"column":17}}]},"62":{"loc":{"start":{"line":658,"column":23},"end":{"line":658,"column":null}},"type":"switch","locations":[{"start":{"line":658,"column":23},"end":{"line":658,"column":null}},{"start":{"line":685,"column":8},"end":{"line":685,"column":31}}]},"63":{"loc":{"start":{"line":678,"column":8},"end":{"line":680,"column":9}},"type":"if","locations":[{"start":{"line":678,"column":8},"end":{"line":680,"column":9}}]},"64":{"loc":{"start":{"line":690,"column":23},"end":{"line":690,"column":null}},"type":"switch","locations":[{"start":{"line":690,"column":23},"end":{"line":690,"column":null}},{"start":{"line":726,"column":8},"end":{"line":726,"column":31}}]},"65":{"loc":{"start":{"line":719,"column":8},"end":{"line":721,"column":9}},"type":"if","locations":[{"start":{"line":719,"column":8},"end":{"line":721,"column":9}}]},"66":{"loc":{"start":{"line":731,"column":23},"end":{"line":731,"column":null}},"type":"switch","locations":[{"start":{"line":731,"column":23},"end":{"line":731,"column":null}},{"start":{"line":744,"column":8},"end":{"line":744,"column":31}}]},"67":{"loc":{"start":{"line":739,"column":8},"end":{"line":741,"column":9}},"type":"if","locations":[{"start":{"line":739,"column":8},"end":{"line":741,"column":9}}]},"68":{"loc":{"start":{"line":749,"column":23},"end":{"line":749,"column":null}},"type":"switch","locations":[{"start":{"line":749,"column":23},"end":{"line":749,"column":null}},{"start":{"line":764,"column":28},"end":{"line":767,"column":null}},{"start":{"line":819,"column":8},"end":{"line":819,"column":34}},{"start":{"line":826,"column":8},"end":{"line":826,"column":31}}]},"69":{"loc":{"start":{"line":759,"column":12},"end":{"line":759,"column":27}},"type":"if","locations":[{"start":{"line":759,"column":12},"end":{"line":759,"column":27}}]},"70":{"loc":{"start":{"line":769,"column":12},"end":{"line":769,"column":13}},"type":"if","locations":[{"start":{"line":769,"column":12},"end":{"line":769,"column":13}}]},"71":{"loc":{"start":{"line":781,"column":23},"end":{"line":781,"column":35}},"type":"cond-expr","locations":[{"start":{"line":781,"column":26},"end":{"line":781,"column":28}},{"start":{"line":781,"column":23},"end":{"line":781,"column":35}}]},"72":{"loc":{"start":{"line":781,"column":23},"end":{"line":781,"column":28}},"type":"binary-expr","locations":[{"start":{"line":781,"column":23},"end":{"line":781,"column":28}},{"start":{"line":781,"column":23},"end":{"line":781,"column":28}}]},"73":{"loc":{"start":{"line":798,"column":12},"end":{"line":798,"column":25}},"type":"if","locations":[{"start":{"line":798,"column":12},"end":{"line":798,"column":25}}]},"74":{"loc":{"start":{"line":804,"column":16},"end":{"line":804,"column":22}},"type":"if","locations":[{"start":{"line":804,"column":16},"end":{"line":804,"column":22}}]},"75":{"loc":{"start":{"line":810,"column":20},"end":{"line":810,"column":29}},"type":"if","locations":[{"start":{"line":810,"column":20},"end":{"line":810,"column":29}}]}},"s":{"0":1,"1":1,"2":1,"3":1,"4":1,"5":1,"6":1,"7":1,"8":1,"9":1,"10":1,"11":1,"12":1,"13":1,"14":1,"15":1,"16":1,"17":1,"18":1,"19":1,"20":5,"21":3,"22":3,"23":6,"24":2,"25":4,"26":24,"27":4,"28":1,"29":4,"30":4,"31":4,"32":3,"33":3,"34":3,"35":1,"36":1,"37":1,"38":1,"39":1,"40":1,"41":0,"42":0,"43":4,"44":4,"45":6,"46":6,"47":6,"48":10,"49":8,"50":4,"51":2,"52":2,"53":2,"54":2,"55":2,"56":1,"57":1,"58":4,"59":0,"60":0,"61":0,"62":0,"63":0,"64":0,"65":0,"66":0,"67":0,"68":0,"69":0,"70":0,"71":0,"72":0,"73":0,"74":0,"75":0,"76":0,"77":0,"78":0,"79":0,"80":0,"81":0,"82":0,"83":1,"84":1,"85":1,"86":1,"87":1,"88":0,"89":1,"90":2,"91":2,"92":2,"93":2,"94":2,"95":2,"96":0,"97":2,"98":1,"99":1,"100":1,"101":1,"102":0,"103":4,"104":0,"105":0,"106":0,"107":0,"108":0,"109":0,"110":0,"111":0,"112":6,"113":4,"114":3,"115":3,"116":3,"117":6,"118":3,"119":3,"120":3,"121":3,"122":3,"123":3,"124":3,"125":3,"126":3,"127":4,"128":4,"129":2,"130":4,"131":2,"132":2,"133":1,"134":1,"135":6,"136":1,"137":1,"138":1,"139":1,"140":1,"141":1,"142":1,"143":2,"144":1,"145":2,"146":1,"147":1,"148":2,"149":1,"150":1,"151":1,"152":1,"153":1,"154":2,"155":1,"156":2,"157":1,"158":1,"159":2,"160":1,"161":1,"162":1,"163":1,"164":1,"165":1,"166":1,"167":1,"168":1,"169":1,"170":1,"171":1,"172":1,"173":1,"174":1,"175":1,"176":1,"177":1,"178":1,"179":2,"180":2,"181":4,"182":2,"183":2,"184":3,"185":2,"186":1,"187":1,"188":1,"189":1,"190":1,"191":2,"192":2,"193":1,"194":1,"195":1,"196":2,"197":1,"198":1,"199":1,"200":1,"201":2,"202":2,"203":2,"204":1,"205":4,"206":4,"207":3,"208":3,"209":3,"210":6,"211":3,"212":3,"213":6,"214":0,"215":0,"216":5,"217":2,"218":1,"219":2,"220":2,"221":2,"222":2,"223":2,"224":4,"225":4,"226":4,"227":2,"228":4,"229":4,"230":2,"231":4,"232":2,"233":2,"234":6,"235":0,"236":0,"237":0,"238":0,"239":0,"240":0,"241":0,"242":0,"243":0,"244":0,"245":0,"246":0,"247":0,"248":0,"249":0,"250":0,"251":1,"252":1,"253":1,"254":1,"255":1,"256":1,"257":2,"258":0,"259":0,"260":0,"261":0,"262":0,"263":0,"264":0,"265":0,"266":0,"267":0,"268":0,"269":0,"270":0,"271":0,"272":0,"273":0,"274":0,"275":0,"276":0,"277":0,"278":0,"279":0,"280":0,"281":0,"282":0,"283":0,"284":0,"285":0,"286":0,"287":0,"288":0,"289":0},"f":{"0":3,"1":3,"2":6,"3":4,"4":4,"5":3,"6":4,"7":2,"8":0,"9":0,"10":0,"11":1,"12":2,"13":0,"14":4,"15":1,"16":2,"17":2,"18":2,"19":2,"20":2,"21":2,"22":2,"23":3,"24":0,"25":0,"26":1,"27":0},"b":{"0":[2],"1":[3,0],"2":[2],"3":[6,4],"4":[1],"5":[4,3,3,3,3,3],"6":[2,2],"7":[1],"8":[0,0],"9":[0],"10":[0,0],"11":[0],"12":[0,0],"13":[0],"14":[1,1],"15":[0],"16":[2,2],"17":[0],"18":[1],"19":[0],"20":[0,0],"21":[0],"22":[2],"23":[1,2,3],"24":[1],"25":[1],"26":[0,1],"27":[0,1],"28":[1],"29":[1],"30":[1],"31":[1],"32":[1],"33":[1],"34":[1,0],"35":[2,1,2],"36":[1],"37":[0,1],"38":[1,1],"39":[0],"40":[0],"41":[0],"42":[1],"43":[3,2,1,3],"44":[3],"45":[2],"46":[0,2],"47":[2,2],"48":[0],"49":[1,1],"50":[2,2],"51":[1,1],"52":[2,2],"53":[1,1],"54":[2,2],"55":[1,1],"56":[2,2],"57":[1,1],"58":[2,2],"59":[2,0],"60":[2,2],"61":[0],"62":[0,0],"63":[0],"64":[0,0],"65":[0],"66":[1,1],"67":[1],"68":[0,0,0,0],"69":[0],"70":[0],"71":[0,0],"72":[0,0],"73":[0],"74":[0],"75":[0]}}
,"C:\\Users\\rozse\\Asztali gép\\Iskolai\\Szakmai\\Projekt\\Backstage-Gear\\backend\\src\\cart\\cartService.ts": {"path":"C:\\Users\\rozse\\Asztali gép\\Iskolai\\Szakmai\\Projekt\\Backstage-Gear\\backend\\src\\cart\\cartService.ts","statementMap":{"0":{"start":{"line":13,"column":0},"end":{"line":13,"column":22}},"1":{"start":{"line":47,"column":0},"end":{"line":47,"column":22}},"2":{"start":{"line":87,"column":0},"end":{"line":87,"column":22}},"3":{"start":{"line":132,"column":0},"end":{"line":132,"column":22}},"4":{"start":{"line":1,"column":0},"end":{"line":1,"column":35}},"5":{"start":{"line":2,"column":0},"end":{"line":2,"column":38}},"6":{"start":{"line":5,"column":4},"end":{"line":10,"column":8}},"7":{"start":{"line":5,"column":33},"end":{"line":10,"column":7}},"8":{"start":{"line":8,"column":56},"end":{"line":8,"column":146}},"9":{"start":{"line":14,"column":23},"end":{"line":14,"column":null}},"10":{"start":{"line":14,"column":10},"end":{"line":14,"column":null}},"11":{"start":{"line":17,"column":26},"end":{"line":34,"column":23}},"12":{"start":{"line":17,"column":14},"end":{"line":17,"column":26}},"13":{"start":{"line":36,"column":8},"end":{"line":38,"column":9}},"14":{"start":{"line":37,"column":12},"end":{"line":37,"column":43}},"15":{"start":{"line":40,"column":8},"end":{"line":40,"column":38}},"16":{"start":{"line":43,"column":8},"end":{"line":43,"column":31}},"17":{"start":{"line":48,"column":23},"end":{"line":48,"column":null}},"18":{"start":{"line":48,"column":10},"end":{"line":48,"column":null}},"19":{"start":{"line":51,"column":25},"end":{"line":74,"column":23}},"20":{"start":{"line":51,"column":14},"end":{"line":51,"column":25}},"21":{"start":{"line":76,"column":8},"end":{"line":78,"column":9}},"22":{"start":{"line":77,"column":12},"end":{"line":77,"column":44}},"23":{"start":{"line":80,"column":8},"end":{"line":80,"column":37}},"24":{"start":{"line":83,"column":8},"end":{"line":83,"column":31}},"25":{"start":{"line":88,"column":23},"end":{"line":88,"column":null}},"26":{"start":{"line":88,"column":10},"end":{"line":88,"column":null}},"27":{"start":{"line":91,"column":35},"end":{"line":94,"column":23}},"28":{"start":{"line":91,"column":14},"end":{"line":91,"column":35}},"29":{"start":{"line":96,"column":8},"end":{"line":98,"column":9}},"30":{"start":{"line":97,"column":12},"end":{"line":97,"column":44}},"31":{"start":{"line":100,"column":41},"end":{"line":103,"column":23}},"32":{"start":{"line":100,"column":14},"end":{"line":100,"column":41}},"33":{"start":{"line":105,"column":8},"end":{"line":107,"column":9}},"34":{"start":{"line":106,"column":12},"end":{"line":106,"column":50}},"35":{"start":{"line":109,"column":30},"end":{"line":112,"column":23}},"36":{"start":{"line":109,"column":14},"end":{"line":109,"column":30}},"37":{"start":{"line":114,"column":8},"end":{"line":116,"column":9}},"38":{"start":{"line":115,"column":12},"end":{"line":115,"column":48}},"39":{"start":{"line":118,"column":25},"end":{"line":121,"column":23}},"40":{"start":{"line":118,"column":14},"end":{"line":118,"column":25}},"41":{"start":{"line":123,"column":8},"end":{"line":125,"column":9}},"42":{"start":{"line":124,"column":12},"end":{"line":124,"column":50}},"43":{"start":{"line":128,"column":8},"end":{"line":128,"column":31}},"44":{"start":{"line":133,"column":23},"end":{"line":133,"column":null}},"45":{"start":{"line":133,"column":10},"end":{"line":133,"column":null}},"46":{"start":{"line":136,"column":27},"end":{"line":139,"column":23}},"47":{"start":{"line":136,"column":14},"end":{"line":136,"column":27}},"48":{"start":{"line":141,"column":8},"end":{"line":143,"column":9}},"49":{"start":{"line":142,"column":12},"end":{"line":142,"column":44}},"50":{"start":{"line":145,"column":25},"end":{"line":148,"column":23}},"51":{"start":{"line":145,"column":14},"end":{"line":145,"column":25}},"52":{"start":{"line":150,"column":8},"end":{"line":152,"column":9}},"53":{"start":{"line":151,"column":12},"end":{"line":151,"column":55}},"54":{"start":{"line":155,"column":8},"end":{"line":155,"column":31}}},"fnMap":{"0":{"name":"formatCartAds","decl":{"start":{"line":4,"column":9},"end":{"line":4,"column":22}},"loc":{"start":{"line":4,"column":34},"end":{"line":11,"column":1}}},"1":{"name":"(anonymous_18)","decl":{"start":{"line":5,"column":20},"end":{"line":5,"column":21}},"loc":{"start":{"line":5,"column":28},"end":{"line":5,"column":null}}},"2":{"name":"(anonymous_19)","decl":{"start":{"line":8,"column":38},"end":{"line":8,"column":39}},"loc":{"start":{"line":8,"column":51},"end":{"line":8,"column":62}}},"3":{"name":"getAdsFromUserCartService","decl":{"start":{"line":13,"column":22},"end":{"line":13,"column":47}},"loc":{"start":{"line":13,"column":62},"end":{"line":45,"column":null}}},"4":{"name":"getAdByIdFromUserCartService","decl":{"start":{"line":47,"column":22},"end":{"line":47,"column":50}},"loc":{"start":{"line":47,"column":79},"end":{"line":85,"column":null}}},"5":{"name":"putNewAdIntoCartByAdIdService","decl":{"start":{"line":87,"column":22},"end":{"line":87,"column":51}},"loc":{"start":{"line":87,"column":80},"end":{"line":130,"column":null}}},"6":{"name":"deleteAdFromCartByAdIdService","decl":{"start":{"line":132,"column":22},"end":{"line":132,"column":51}},"loc":{"start":{"line":132,"column":80},"end":{"line":157,"column":null}}}},"branchMap":{"0":{"loc":{"start":{"line":7,"column":15},"end":{"line":9,"column":16}},"type":"cond-expr","locations":[{"start":{"line":8,"column":14},"end":{"line":8,"column":146}},{"start":{"line":9,"column":14},"end":{"line":9,"column":16}}]},"1":{"loc":{"start":{"line":8,"column":92},"end":{"line":8,"column":144}},"type":"cond-expr","locations":[{"start":{"line":8,"column":124},"end":{"line":8,"column":137}},{"start":{"line":8,"column":140},"end":{"line":8,"column":144}}]},"2":{"loc":{"start":{"line":14,"column":23},"end":{"line":14,"column":null}},"type":"switch","locations":[{"start":{"line":14,"column":23},"end":{"line":14,"column":null}},{"start":{"line":43,"column":8},"end":{"line":43,"column":31}}]},"3":{"loc":{"start":{"line":36,"column":8},"end":{"line":38,"column":9}},"type":"if","locations":[{"start":{"line":36,"column":8},"end":{"line":38,"column":9}}]},"4":{"loc":{"start":{"line":48,"column":23},"end":{"line":48,"column":null}},"type":"switch","locations":[{"start":{"line":48,"column":23},"end":{"line":48,"column":null}},{"start":{"line":83,"column":8},"end":{"line":83,"column":31}}]},"5":{"loc":{"start":{"line":76,"column":8},"end":{"line":78,"column":9}},"type":"if","locations":[{"start":{"line":76,"column":8},"end":{"line":78,"column":9}}]},"6":{"loc":{"start":{"line":88,"column":23},"end":{"line":88,"column":null}},"type":"switch","locations":[{"start":{"line":88,"column":23},"end":{"line":88,"column":null}},{"start":{"line":128,"column":8},"end":{"line":128,"column":31}}]},"7":{"loc":{"start":{"line":96,"column":8},"end":{"line":98,"column":9}},"type":"if","locations":[{"start":{"line":96,"column":8},"end":{"line":98,"column":9}}]},"8":{"loc":{"start":{"line":105,"column":8},"end":{"line":107,"column":9}},"type":"if","locations":[{"start":{"line":105,"column":8},"end":{"line":107,"column":9}}]},"9":{"loc":{"start":{"line":114,"column":8},"end":{"line":116,"column":9}},"type":"if","locations":[{"start":{"line":114,"column":8},"end":{"line":116,"column":9}}]},"10":{"loc":{"start":{"line":123,"column":8},"end":{"line":125,"column":9}},"type":"if","locations":[{"start":{"line":123,"column":8},"end":{"line":125,"column":9}}]},"11":{"loc":{"start":{"line":133,"column":23},"end":{"line":133,"column":null}},"type":"switch","locations":[{"start":{"line":133,"column":23},"end":{"line":133,"column":null}},{"start":{"line":155,"column":8},"end":{"line":155,"column":31}}]},"12":{"loc":{"start":{"line":141,"column":8},"end":{"line":143,"column":9}},"type":"if","locations":[{"start":{"line":141,"column":8},"end":{"line":143,"column":9}}]},"13":{"loc":{"start":{"line":150,"column":8},"end":{"line":152,"column":9}},"type":"if","locations":[{"start":{"line":150,"column":8},"end":{"line":152,"column":9}}]}},"s":{"0":1,"1":1,"2":1,"3":1,"4":1,"5":1,"6":2,"7":2,"8":4,"9":2,"10":2,"11":2,"12":2,"13":2,"14":1,"15":1,"16":4,"17":2,"18":2,"19":2,"20":2,"21":2,"22":1,"23":1,"24":4,"25":5,"26":5,"27":5,"28":5,"29":5,"30":1,"31":4,"32":4,"33":4,"34":1,"35":3,"36":3,"37":3,"38":1,"39":2,"40":2,"41":2,"42":1,"43":10,"44":3,"45":3,"46":3,"47":3,"48":3,"49":1,"50":2,"51":2,"52":2,"53":1,"54":6},"f":{"0":2,"1":2,"2":4,"3":2,"4":2,"5":5,"6":3},"b":{"0":[2,0],"1":[1,3],"2":[2,2],"3":[1],"4":[2,2],"5":[1],"6":[5,5],"7":[1],"8":[1],"9":[1],"10":[1],"11":[3,3],"12":[1],"13":[1]}}
,"C:\\Users\\rozse\\Asztali gép\\Iskolai\\Szakmai\\Projekt\\Backstage-Gear\\backend\\src\\category\\categoryService.ts": {"path":"C:\\Users\\rozse\\Asztali gép\\Iskolai\\Szakmai\\Projekt\\Backstage-Gear\\backend\\src\\category\\categoryService.ts","statementMap":{"0":{"start":{"line":7,"column":0},"end":{"line":7,"column":22}},"1":{"start":{"line":1,"column":0},"end":{"line":1,"column":35}},"2":{"start":{"line":2,"column":0},"end":{"line":2,"column":38}},"3":{"start":{"line":5,"column":17},"end":{"line":5,"column":40}},"4":{"start":{"line":8,"column":23},"end":{"line":8,"column":null}},"5":{"start":{"line":8,"column":10},"end":{"line":8,"column":null}},"6":{"start":{"line":11,"column":26},"end":{"line":13,"column":23}},"7":{"start":{"line":11,"column":14},"end":{"line":11,"column":26}},"8":{"start":{"line":15,"column":8},"end":{"line":17,"column":9}},"9":{"start":{"line":16,"column":12},"end":{"line":16,"column":45}},"10":{"start":{"line":19,"column":8},"end":{"line":22,"column":12}},"11":{"start":{"line":19,"column":47},"end":{"line":22,"column":11}},"12":{"start":{"line":25,"column":8},"end":{"line":25,"column":31}}},"fnMap":{"0":{"name":"getCategoriesService","decl":{"start":{"line":7,"column":22},"end":{"line":7,"column":42}},"loc":{"start":{"line":7,"column":42},"end":{"line":27,"column":null}}},"1":{"name":"(anonymous_20)","decl":{"start":{"line":19,"column":27},"end":{"line":19,"column":28}},"loc":{"start":{"line":19,"column":42},"end":{"line":19,"column":null}}}},"branchMap":{"0":{"loc":{"start":{"line":8,"column":23},"end":{"line":8,"column":null}},"type":"switch","locations":[{"start":{"line":8,"column":23},"end":{"line":8,"column":null}},{"start":{"line":25,"column":8},"end":{"line":25,"column":31}}]},"1":{"loc":{"start":{"line":15,"column":8},"end":{"line":17,"column":9}},"type":"if","locations":[{"start":{"line":15,"column":8},"end":{"line":17,"column":9}}]}},"s":{"0":1,"1":1,"2":1,"3":1,"4":2,"5":2,"6":2,"7":2,"8":2,"9":1,"10":1,"11":2,"12":4},"f":{"0":2,"1":2},"b":{"0":[2,2],"1":[1]}}
,"C:\\Users\\rozse\\Asztali gép\\Iskolai\\Szakmai\\Projekt\\Backstage-Gear\\backend\\src\\config\\config.ts": {"path":"C:\\Users\\rozse\\Asztali gép\\Iskolai\\Szakmai\\Projekt\\Backstage-Gear\\backend\\src\\config\\config.ts","statementMap":{"0":{"start":{"line":1,"column":0},"end":{"line":1,"column":28}},"1":{"start":{"line":2,"column":0},"end":{"line":2,"column":24}},"2":{"start":{"line":4,"column":0},"end":{"line":4,"column":16}},"3":{"start":{"line":6,"column":19},"end":{"line":12,"column":2}},"4":{"start":{"line":14,"column":20},"end":{"line":21,"column":2}},"5":{"start":{"line":23,"column":0},"end":{"line":23,"column":22}}},"fnMap":{},"branchMap":{"0":{"loc":{"start":{"line":7,"column":10},"end":{"line":7,"column":44}},"type":"binary-expr","locations":[{"start":{"line":7,"column":10},"end":{"line":7,"column":29}},{"start":{"line":7,"column":33},"end":{"line":7,"column":44}}]},"1":{"loc":{"start":{"line":8,"column":10},"end":{"line":8,"column":39}},"type":"binary-expr","locations":[{"start":{"line":8,"column":10},"end":{"line":8,"column":29}},{"start":{"line":8,"column":33},"end":{"line":8,"column":39}}]},"2":{"loc":{"start":{"line":9,"column":14},"end":{"line":9,"column":49}},"type":"binary-expr","locations":[{"start":{"line":9,"column":14},"end":{"line":9,"column":37}},{"start":{"line":9,"column":41},"end":{"line":9,"column":49}}]},"3":{"loc":{"start":{"line":10,"column":14},"end":{"line":10,"column":53}},"type":"binary-expr","locations":[{"start":{"line":10,"column":14},"end":{"line":10,"column":34}},{"start":{"line":10,"column":38},"end":{"line":10,"column":53}}]},"4":{"loc":{"start":{"line":11,"column":10},"end":{"line":11,"column":45}},"type":"binary-expr","locations":[{"start":{"line":11,"column":10},"end":{"line":11,"column":37}},{"start":{"line":11,"column":41},"end":{"line":11,"column":45}}]},"5":{"loc":{"start":{"line":15,"column":15},"end":{"line":15,"column":49}},"type":"binary-expr","locations":[{"start":{"line":15,"column":15},"end":{"line":15,"column":37}},{"start":{"line":15,"column":41},"end":{"line":15,"column":49}}]},"6":{"loc":{"start":{"line":16,"column":13},"end":{"line":16,"column":60}},"type":"binary-expr","locations":[{"start":{"line":16,"column":13},"end":{"line":16,"column":33}},{"start":{"line":16,"column":37},"end":{"line":16,"column":60}}]},"7":{"loc":{"start":{"line":18,"column":22},"end":{"line":18,"column":60}},"type":"cond-expr","locations":[{"start":{"line":18,"column":47},"end":{"line":18,"column":51}},{"start":{"line":18,"column":51},"end":{"line":18,"column":60}}]},"8":{"loc":{"start":{"line":18,"column":22},"end":{"line":18,"column":51}},"type":"binary-expr","locations":[{"start":{"line":18,"column":22},"end":{"line":18,"column":51}},{"start":{"line":18,"column":47},"end":{"line":18,"column":51}}]},"9":{"loc":{"start":{"line":20,"column":43},"end":{"line":20,"column":83}},"type":"cond-expr","locations":[{"start":{"line":20,"column":70},"end":{"line":20,"column":74}},{"start":{"line":20,"column":74},"end":{"line":20,"column":83}}]},"10":{"loc":{"start":{"line":20,"column":43},"end":{"line":20,"column":74}},"type":"binary-expr","locations":[{"start":{"line":20,"column":43},"end":{"line":20,"column":74}},{"start":{"line":20,"column":70},"end":{"line":20,"column":74}}]}},"s":{"0":6,"1":6,"2":6,"3":6,"4":6,"5":6},"f":{},"b":{"0":[6,6],"1":[6,6],"2":[6,6],"3":[6,6],"4":[6,6],"5":[6,6],"6":[6,6],"7":[0,6],"8":[6,6],"9":[0,6],"10":[6,6]}}
,"C:\\Users\\rozse\\Asztali gép\\Iskolai\\Szakmai\\Projekt\\Backstage-Gear\\backend\\src\\message\\messageService.ts": {"path":"C:\\Users\\rozse\\Asztali gép\\Iskolai\\Szakmai\\Projekt\\Backstage-Gear\\backend\\src\\message\\messageService.ts","statementMap":{"0":{"start":{"line":17,"column":0},"end":{"line":17,"column":22}},"1":{"start":{"line":49,"column":0},"end":{"line":49,"column":22}},"2":{"start":{"line":81,"column":0},"end":{"line":81,"column":22}},"3":{"start":{"line":113,"column":0},"end":{"line":113,"column":22}},"4":{"start":{"line":145,"column":0},"end":{"line":145,"column":22}},"5":{"start":{"line":170,"column":0},"end":{"line":170,"column":22}},"6":{"start":{"line":204,"column":0},"end":{"line":204,"column":22}},"7":{"start":{"line":1,"column":0},"end":{"line":1,"column":35}},"8":{"start":{"line":2,"column":0},"end":{"line":2,"column":38}},"9":{"start":{"line":6,"column":23},"end":{"line":9,"column":null}},"10":{"start":{"line":6,"column":7},"end":{"line":6,"column":23}},"11":{"start":{"line":11,"column":1},"end":{"line":13,"column":2}},"12":{"start":{"line":12,"column":2},"end":{"line":12,"column":36}},"13":{"start":{"line":18,"column":20},"end":{"line":18,"column":null}},"14":{"start":{"line":18,"column":7},"end":{"line":18,"column":null}},"15":{"start":{"line":21,"column":2},"end":{"line":21,"column":45}},"16":{"start":{"line":23,"column":25},"end":{"line":35,"column":null}},"17":{"start":{"line":23,"column":8},"end":{"line":23,"column":25}},"18":{"start":{"line":37,"column":2},"end":{"line":39,"column":3}},"19":{"start":{"line":38,"column":3},"end":{"line":38,"column":43}},"20":{"start":{"line":41,"column":2},"end":{"line":41,"column":17}},"21":{"start":{"line":44,"column":2},"end":{"line":44,"column":25}},"22":{"start":{"line":50,"column":20},"end":{"line":50,"column":null}},"23":{"start":{"line":50,"column":7},"end":{"line":50,"column":null}},"24":{"start":{"line":53,"column":2},"end":{"line":53,"column":45}},"25":{"start":{"line":55,"column":24},"end":{"line":67,"column":null}},"26":{"start":{"line":55,"column":8},"end":{"line":55,"column":24}},"27":{"start":{"line":69,"column":2},"end":{"line":71,"column":3}},"28":{"start":{"line":70,"column":3},"end":{"line":70,"column":40}},"29":{"start":{"line":73,"column":2},"end":{"line":73,"column":16}},"30":{"start":{"line":76,"column":2},"end":{"line":76,"column":25}},"31":{"start":{"line":82,"column":20},"end":{"line":82,"column":null}},"32":{"start":{"line":82,"column":7},"end":{"line":82,"column":null}},"33":{"start":{"line":85,"column":2},"end":{"line":85,"column":45}},"34":{"start":{"line":87,"column":25},"end":{"line":99,"column":null}},"35":{"start":{"line":87,"column":8},"end":{"line":87,"column":25}},"36":{"start":{"line":101,"column":2},"end":{"line":103,"column":3}},"37":{"start":{"line":102,"column":3},"end":{"line":102,"column":39}},"38":{"start":{"line":105,"column":2},"end":{"line":105,"column":17}},"39":{"start":{"line":108,"column":2},"end":{"line":108,"column":25}},"40":{"start":{"line":114,"column":20},"end":{"line":114,"column":null}},"41":{"start":{"line":114,"column":7},"end":{"line":114,"column":null}},"42":{"start":{"line":117,"column":2},"end":{"line":117,"column":45}},"43":{"start":{"line":119,"column":24},"end":{"line":131,"column":null}},"44":{"start":{"line":119,"column":8},"end":{"line":119,"column":24}},"45":{"start":{"line":133,"column":2},"end":{"line":135,"column":3}},"46":{"start":{"line":134,"column":3},"end":{"line":134,"column":40}},"47":{"start":{"line":137,"column":2},"end":{"line":137,"column":16}},"48":{"start":{"line":140,"column":2},"end":{"line":140,"column":25}},"49":{"start":{"line":146,"column":1},"end":{"line":148,"column":2}},"50":{"start":{"line":147,"column":2},"end":{"line":147,"column":45}},"51":{"start":{"line":150,"column":20},"end":{"line":150,"column":null}},"52":{"start":{"line":150,"column":7},"end":{"line":150,"column":null}},"53":{"start":{"line":153,"column":2},"end":{"line":153,"column":49}},"54":{"start":{"line":155,"column":24},"end":{"line":158,"column":null}},"55":{"start":{"line":155,"column":8},"end":{"line":155,"column":24}},"56":{"start":{"line":160,"column":2},"end":{"line":162,"column":3}},"57":{"start":{"line":161,"column":3},"end":{"line":161,"column":42}},"58":{"start":{"line":165,"column":2},"end":{"line":165,"column":25}},"59":{"start":{"line":171,"column":20},"end":{"line":171,"column":null}},"60":{"start":{"line":171,"column":7},"end":{"line":171,"column":null}},"61":{"start":{"line":174,"column":24},"end":{"line":181,"column":null}},"62":{"start":{"line":174,"column":8},"end":{"line":174,"column":24}},"63":{"start":{"line":183,"column":2},"end":{"line":185,"column":3}},"64":{"start":{"line":184,"column":3},"end":{"line":184,"column":10}},"65":{"start":{"line":187,"column":22},"end":{"line":190,"column":null}},"66":{"start":{"line":187,"column":8},"end":{"line":187,"column":22}},"67":{"start":{"line":192,"column":2},"end":{"line":194,"column":3}},"68":{"start":{"line":193,"column":3},"end":{"line":193,"column":40}},"69":{"start":{"line":196,"column":2},"end":{"line":196,"column":39}},"70":{"start":{"line":199,"column":2},"end":{"line":199,"column":25}},"71":{"start":{"line":205,"column":1},"end":{"line":207,"column":2}},"72":{"start":{"line":206,"column":2},"end":{"line":206,"column":45}},"73":{"start":{"line":209,"column":20},"end":{"line":209,"column":null}},"74":{"start":{"line":209,"column":7},"end":{"line":209,"column":null}},"75":{"start":{"line":212,"column":24},"end":{"line":219,"column":null}},"76":{"start":{"line":212,"column":8},"end":{"line":212,"column":24}},"77":{"start":{"line":221,"column":2},"end":{"line":223,"column":3}},"78":{"start":{"line":222,"column":3},"end":{"line":222,"column":10}},"79":{"start":{"line":225,"column":22},"end":{"line":228,"column":null}},"80":{"start":{"line":225,"column":8},"end":{"line":225,"column":22}},"81":{"start":{"line":230,"column":2},"end":{"line":232,"column":3}},"82":{"start":{"line":231,"column":3},"end":{"line":231,"column":40}},"83":{"start":{"line":234,"column":2},"end":{"line":234,"column":39}},"84":{"start":{"line":237,"column":2},"end":{"line":237,"column":25}}},"fnMap":{"0":{"name":"ensureUserExists","decl":{"start":{"line":5,"column":15},"end":{"line":5,"column":31}},"loc":{"start":{"line":5,"column":63},"end":{"line":14,"column":null}}},"1":{"name":"getUserIncomingMessagesService","decl":{"start":{"line":17,"column":22},"end":{"line":17,"column":52}},"loc":{"start":{"line":17,"column":67},"end":{"line":46,"column":null}}},"2":{"name":"getUserIncomingMessageByIdService","decl":{"start":{"line":49,"column":22},"end":{"line":49,"column":55}},"loc":{"start":{"line":49,"column":89},"end":{"line":78,"column":null}}},"3":{"name":"getUserSentMessagesService","decl":{"start":{"line":81,"column":22},"end":{"line":81,"column":48}},"loc":{"start":{"line":81,"column":63},"end":{"line":110,"column":null}}},"4":{"name":"getUserSentMessageByIdService","decl":{"start":{"line":113,"column":22},"end":{"line":113,"column":51}},"loc":{"start":{"line":113,"column":85},"end":{"line":142,"column":null}}},"5":{"name":"postNewMessageService","decl":{"start":{"line":145,"column":22},"end":{"line":145,"column":43}},"loc":{"start":{"line":145,"column":97},"end":{"line":167,"column":null}}},"6":{"name":"deleteMessageByIdService","decl":{"start":{"line":170,"column":22},"end":{"line":170,"column":46}},"loc":{"start":{"line":170,"column":80},"end":{"line":201,"column":null}}},"7":{"name":"patchMessageByIdService","decl":{"start":{"line":204,"column":22},"end":{"line":204,"column":45}},"loc":{"start":{"line":204,"column":96},"end":{"line":239,"column":null}}}},"branchMap":{"0":{"loc":{"start":{"line":6,"column":23},"end":{"line":9,"column":null}},"type":"switch","locations":[{"start":{"line":6,"column":23},"end":{"line":9,"column":null}}]},"1":{"loc":{"start":{"line":11,"column":1},"end":{"line":13,"column":2}},"type":"if","locations":[{"start":{"line":11,"column":1},"end":{"line":13,"column":2}}]},"2":{"loc":{"start":{"line":18,"column":20},"end":{"line":18,"column":null}},"type":"switch","locations":[{"start":{"line":18,"column":20},"end":{"line":18,"column":null}},{"start":{"line":44,"column":2},"end":{"line":44,"column":25}}]},"3":{"loc":{"start":{"line":37,"column":2},"end":{"line":39,"column":3}},"type":"if","locations":[{"start":{"line":37,"column":2},"end":{"line":39,"column":3}}]},"4":{"loc":{"start":{"line":50,"column":20},"end":{"line":50,"column":null}},"type":"switch","locations":[{"start":{"line":50,"column":20},"end":{"line":50,"column":null}},{"start":{"line":76,"column":2},"end":{"line":76,"column":25}}]},"5":{"loc":{"start":{"line":69,"column":2},"end":{"line":71,"column":3}},"type":"if","locations":[{"start":{"line":69,"column":2},"end":{"line":71,"column":3}}]},"6":{"loc":{"start":{"line":82,"column":20},"end":{"line":82,"column":null}},"type":"switch","locations":[{"start":{"line":82,"column":20},"end":{"line":82,"column":null}},{"start":{"line":108,"column":2},"end":{"line":108,"column":25}}]},"7":{"loc":{"start":{"line":101,"column":2},"end":{"line":103,"column":3}},"type":"if","locations":[{"start":{"line":101,"column":2},"end":{"line":103,"column":3}}]},"8":{"loc":{"start":{"line":114,"column":20},"end":{"line":114,"column":null}},"type":"switch","locations":[{"start":{"line":114,"column":20},"end":{"line":114,"column":null}},{"start":{"line":140,"column":2},"end":{"line":140,"column":25}}]},"9":{"loc":{"start":{"line":133,"column":2},"end":{"line":135,"column":3}},"type":"if","locations":[{"start":{"line":133,"column":2},"end":{"line":135,"column":3}}]},"10":{"loc":{"start":{"line":165,"column":2},"end":{"line":165,"column":25}},"type":"switch","locations":[{"start":{"line":165,"column":2},"end":{"line":165,"column":25}}]},"11":{"loc":{"start":{"line":146,"column":1},"end":{"line":148,"column":2}},"type":"if","locations":[{"start":{"line":146,"column":1},"end":{"line":148,"column":2}}]},"12":{"loc":{"start":{"line":146,"column":5},"end":{"line":146,"column":57}},"type":"binary-expr","locations":[{"start":{"line":146,"column":5},"end":{"line":146,"column":32}},{"start":{"line":146,"column":36},"end":{"line":146,"column":57}}]},"13":{"loc":{"start":{"line":160,"column":2},"end":{"line":162,"column":3}},"type":"if","locations":[{"start":{"line":160,"column":2},"end":{"line":162,"column":3}}]},"14":{"loc":{"start":{"line":171,"column":20},"end":{"line":171,"column":null}},"type":"switch","locations":[{"start":{"line":171,"column":20},"end":{"line":171,"column":null}},{"start":{"line":199,"column":2},"end":{"line":199,"column":25}}]},"15":{"loc":{"start":{"line":183,"column":2},"end":{"line":185,"column":3}},"type":"if","locations":[{"start":{"line":183,"column":2},"end":{"line":185,"column":3}}]},"16":{"loc":{"start":{"line":192,"column":2},"end":{"line":194,"column":3}},"type":"if","locations":[{"start":{"line":192,"column":2},"end":{"line":194,"column":3}}]},"17":{"loc":{"start":{"line":237,"column":2},"end":{"line":237,"column":25}},"type":"switch","locations":[{"start":{"line":237,"column":2},"end":{"line":237,"column":25}}]},"18":{"loc":{"start":{"line":205,"column":1},"end":{"line":207,"column":2}},"type":"if","locations":[{"start":{"line":205,"column":1},"end":{"line":207,"column":2}}]},"19":{"loc":{"start":{"line":205,"column":5},"end":{"line":205,"column":57}},"type":"binary-expr","locations":[{"start":{"line":205,"column":5},"end":{"line":205,"column":32}},{"start":{"line":205,"column":36},"end":{"line":205,"column":57}}]},"20":{"loc":{"start":{"line":221,"column":2},"end":{"line":223,"column":3}},"type":"if","locations":[{"start":{"line":221,"column":2},"end":{"line":223,"column":3}}]},"21":{"loc":{"start":{"line":230,"column":2},"end":{"line":232,"column":3}},"type":"if","locations":[{"start":{"line":230,"column":2},"end":{"line":232,"column":3}}]}},"s":{"0":1,"1":1,"2":1,"3":1,"4":1,"5":1,"6":1,"7":1,"8":1,"9":12,"10":12,"11":12,"12":2,"13":3,"14":3,"15":6,"16":2,"17":2,"18":2,"19":1,"20":1,"21":6,"22":2,"23":2,"24":4,"25":2,"26":2,"27":2,"28":1,"29":1,"30":4,"31":2,"32":2,"33":4,"34":2,"35":2,"36":2,"37":1,"38":1,"39":4,"40":2,"41":2,"42":4,"43":2,"44":2,"45":2,"46":1,"47":1,"48":4,"49":4,"50":1,"51":3,"52":3,"53":6,"54":2,"55":2,"56":2,"57":1,"58":6,"59":3,"60":3,"61":3,"62":3,"63":3,"64":1,"65":2,"66":2,"67":2,"68":1,"69":1,"70":6,"71":4,"72":1,"73":3,"74":3,"75":3,"76":3,"77":3,"78":1,"79":2,"80":2,"81":2,"82":1,"83":1,"84":6},"f":{"0":12,"1":3,"2":2,"3":2,"4":2,"5":4,"6":3,"7":4},"b":{"0":[12],"1":[2],"2":[3,3],"3":[1],"4":[2,2],"5":[1],"6":[2,2],"7":[1],"8":[2,2],"9":[1],"10":[3],"11":[1],"12":[4,4],"13":[1],"14":[3,3],"15":[1],"16":[1],"17":[3],"18":[1],"19":[4,4],"20":[1],"21":[1]}}
,"C:\\Users\\rozse\\Asztali gép\\Iskolai\\Szakmai\\Projekt\\Backstage-Gear\\backend\\src\\profile\\profileService.ts": {"path":"C:\\Users\\rozse\\Asztali gép\\Iskolai\\Szakmai\\Projekt\\Backstage-Gear\\backend\\src\\profile\\profileService.ts","statementMap":{"0":{"start":{"line":52,"column":0},"end":{"line":52,"column":22}},"1":{"start":{"line":85,"column":0},"end":{"line":85,"column":22}},"2":{"start":{"line":118,"column":0},"end":{"line":118,"column":22}},"3":{"start":{"line":153,"column":0},"end":{"line":153,"column":22}},"4":{"start":{"line":1,"column":0},"end":{"line":1,"column":35}},"5":{"start":{"line":2,"column":0},"end":{"line":2,"column":20}},"6":{"start":{"line":3,"column":0},"end":{"line":3,"column":24}},"7":{"start":{"line":4,"column":0},"end":{"line":4,"column":38}},"8":{"start":{"line":18,"column":4},"end":{"line":20,"column":null}},"9":{"start":{"line":25,"column":31},"end":{"line":25,"column":78}},"10":{"start":{"line":26,"column":4},"end":{"line":26,"column":58}},"11":{"start":{"line":27,"column":4},"end":{"line":27,"column":30}},"12":{"start":{"line":31,"column":4},"end":{"line":33,"column":5}},"13":{"start":{"line":32,"column":8},"end":{"line":32,"column":15}},"14":{"start":{"line":35,"column":31},"end":{"line":35,"column":93}},"15":{"start":{"line":36,"column":21},"end":{"line":36,"column":63}},"16":{"start":{"line":38,"column":4},"end":{"line":43,"column":5}},"17":{"start":{"line":39,"column":8},"end":{"line":39,"column":42}},"18":{"start":{"line":40,"column":8},"end":{"line":40,"column":15}},"19":{"start":{"line":45,"column":4},"end":{"line":49,"column":5}},"20":{"start":{"line":46,"column":8},"end":{"line":46,"column":32}},"21":{"start":{"line":53,"column":23},"end":{"line":53,"column":null}},"22":{"start":{"line":53,"column":10},"end":{"line":53,"column":null}},"23":{"start":{"line":56,"column":25},"end":{"line":72,"column":23}},"24":{"start":{"line":56,"column":14},"end":{"line":56,"column":25}},"25":{"start":{"line":74,"column":8},"end":{"line":76,"column":9}},"26":{"start":{"line":75,"column":12},"end":{"line":75,"column":49}},"27":{"start":{"line":78,"column":8},"end":{"line":78,"column":40}},"28":{"start":{"line":81,"column":8},"end":{"line":81,"column":31}},"29":{"start":{"line":86,"column":23},"end":{"line":86,"column":null}},"30":{"start":{"line":86,"column":10},"end":{"line":86,"column":null}},"31":{"start":{"line":89,"column":25},"end":{"line":105,"column":23}},"32":{"start":{"line":89,"column":14},"end":{"line":89,"column":25}},"33":{"start":{"line":107,"column":8},"end":{"line":109,"column":9}},"34":{"start":{"line":108,"column":12},"end":{"line":108,"column":49}},"35":{"start":{"line":111,"column":8},"end":{"line":111,"column":40}},"36":{"start":{"line":114,"column":8},"end":{"line":114,"column":31}},"37":{"start":{"line":119,"column":4},"end":{"line":121,"column":5}},"38":{"start":{"line":120,"column":8},"end":{"line":120,"column":40}},"39":{"start":{"line":123,"column":23},"end":{"line":123,"column":null}},"40":{"start":{"line":123,"column":10},"end":{"line":123,"column":null}},"41":{"start":{"line":126,"column":27},"end":{"line":129,"column":23}},"42":{"start":{"line":126,"column":14},"end":{"line":126,"column":27}},"43":{"start":{"line":131,"column":8},"end":{"line":133,"column":9}},"44":{"start":{"line":132,"column":12},"end":{"line":132,"column":49}},"45":{"start":{"line":135,"column":8},"end":{"line":137,"column":9}},"46":{"start":{"line":136,"column":12},"end":{"line":136,"column":58}},"47":{"start":{"line":139,"column":8},"end":{"line":146,"column":10}},"48":{"start":{"line":149,"column":8},"end":{"line":149,"column":31}},"49":{"start":{"line":158,"column":23},"end":{"line":158,"column":null}},"50":{"start":{"line":158,"column":10},"end":{"line":158,"column":null}},"51":{"start":{"line":161,"column":8},"end":{"line":161,"column":44}},"52":{"start":{"line":163,"column":23},"end":{"line":166,"column":23}},"53":{"start":{"line":163,"column":14},"end":{"line":163,"column":23}},"54":{"start":{"line":168,"column":12},"end":{"line":168,"column":13}},"55":{"start":{"line":169,"column":12},"end":{"line":169,"column":40}},"56":{"start":{"line":170,"column":12},"end":{"line":170,"column":49}},"57":{"start":{"line":173,"column":14},"end":{"line":173,"column":32}},"58":{"start":{"line":174,"column":16},"end":{"line":174,"column":43}},"59":{"start":{"line":176,"column":12},"end":{"line":176,"column":20}},"60":{"start":{"line":177,"column":12},"end":{"line":180,"column":14}},"61":{"start":{"line":183,"column":12},"end":{"line":183,"column":16}},"62":{"start":{"line":184,"column":18},"end":{"line":184,"column":66}},"63":{"start":{"line":186,"column":12},"end":{"line":189,"column":14}},"64":{"start":{"line":191,"column":12},"end":{"line":194,"column":14}},"65":{"start":{"line":196,"column":12},"end":{"line":202,"column":13}},"66":{"start":{"line":197,"column":16},"end":{"line":201,"column":17}},"67":{"start":{"line":198,"column":20},"end":{"line":198,"column":90}},"68":{"start":{"line":204,"column":12},"end":{"line":207,"column":14}},"69":{"start":{"line":210,"column":8},"end":{"line":210,"column":34}},"70":{"start":{"line":213,"column":8},"end":{"line":213,"column":36}},"71":{"start":{"line":214,"column":8},"end":{"line":214,"column":41}},"72":{"start":{"line":215,"column":8},"end":{"line":215,"column":20}},"73":{"start":{"line":218,"column":8},"end":{"line":218,"column":31}}},"fnMap":{"0":{"name":"formatProfile","decl":{"start":{"line":17,"column":9},"end":{"line":17,"column":22}},"loc":{"start":{"line":17,"column":35},"end":{"line":22,"column":1}}},"1":{"name":"ensureProfilePicturesDir","decl":{"start":{"line":24,"column":9},"end":{"line":24,"column":33}},"loc":{"start":{"line":24,"column":33},"end":{"line":28,"column":1}}},"2":{"name":"cleanupUploadedProfileFile","decl":{"start":{"line":30,"column":9},"end":{"line":30,"column":35}},"loc":{"start":{"line":30,"column":62},"end":{"line":50,"column":1}}},"3":{"name":"getProfileDatasByIdService","decl":{"start":{"line":52,"column":22},"end":{"line":52,"column":48}},"loc":{"start":{"line":52,"column":66},"end":{"line":83,"column":null}}},"4":{"name":"getUsersProfileDatasByIdService","decl":{"start":{"line":85,"column":22},"end":{"line":85,"column":53}},"loc":{"start":{"line":85,"column":68},"end":{"line":116,"column":null}}},"5":{"name":"voteProfileByIdService","decl":{"start":{"line":118,"column":22},"end":{"line":118,"column":44}},"loc":{"start":{"line":118,"column":92},"end":{"line":151,"column":null}}},"6":{"name":"patchProfileByIdService","decl":{"start":{"line":153,"column":22},"end":{"line":153,"column":45}},"loc":{"start":{"line":156,"column":30},"end":{"line":220,"column":null}}}},"branchMap":{"0":{"loc":{"start":{"line":31,"column":4},"end":{"line":33,"column":5}},"type":"if","locations":[{"start":{"line":31,"column":4},"end":{"line":33,"column":5}}]},"1":{"loc":{"start":{"line":53,"column":23},"end":{"line":53,"column":null}},"type":"switch","locations":[{"start":{"line":53,"column":23},"end":{"line":53,"column":null}},{"start":{"line":81,"column":8},"end":{"line":81,"column":31}}]},"2":{"loc":{"start":{"line":74,"column":8},"end":{"line":76,"column":9}},"type":"if","locations":[{"start":{"line":74,"column":8},"end":{"line":76,"column":9}}]},"3":{"loc":{"start":{"line":86,"column":23},"end":{"line":86,"column":null}},"type":"switch","locations":[{"start":{"line":86,"column":23},"end":{"line":86,"column":null}},{"start":{"line":114,"column":8},"end":{"line":114,"column":31}}]},"4":{"loc":{"start":{"line":107,"column":8},"end":{"line
[...]
,"column":12},"end":{"line":91,"column":70}},"45":{"start":{"line":94,"column":8},"end":{"line":96,"column":9}},"46":{"start":{"line":95,"column":12},"end":{"line":95,"column":77}},"47":{"start":{"line":98,"column":8},"end":{"line":98,"column":25}},"48":{"start":{"line":99,"column":8},"end":{"line":99,"column":46}},"49":{"start":{"line":107,"column":10},"end":{"line":107,"column":55}},"50":{"start":{"line":109,"column":4},"end":{"line":109,"column":25}},"51":{"start":{"line":111,"column":4},"end":{"line":113,"column":5}},"52":{"start":{"line":112,"column":8},"end":{"line":112,"column":15}},"53":{"start":{"line":116,"column":8},"end":{"line":116,"column":44}},"54":{"start":{"line":117,"column":8},"end":{"line":117,"column":31}},"55":{"start":{"line":120,"column":8},"end":{"line":122,"column":9}},"56":{"start":{"line":121,"column":12},"end":{"line":121,"column":86}},"57":{"start":{"line":124,"column":8},"end":{"line":124,"column":25}},"58":{"start":{"line":125,"column":8},"end":{"line":125,"column":46}}},"fnMap":{"0":{"name":"signIn","decl":{"start":{"line":5,"column":22},"end":{"line":5,"column":28}},"loc":{"start":{"line":5,"column":47},"end":{"line":24,"column":2}}},"1":{"name":"signUp","decl":{"start":{"line":27,"column":22},"end":{"line":27,"column":28}},"loc":{"start":{"line":27,"column":47},"end":{"line":39,"column":2}}},"2":{"name":"getIsAdminById","decl":{"start":{"line":42,"column":22},"end":{"line":42,"column":36}},"loc":{"start":{"line":42,"column":55},"end":{"line":59,"column":2}}},"3":{"name":"deleteOwnUserById","decl":{"start":{"line":62,"column":22},"end":{"line":62,"column":39}},"loc":{"start":{"line":62,"column":58},"end":{"line":73,"column":2}}},"4":{"name":"updateOwnPasswordById","decl":{"start":{"line":76,"column":22},"end":{"line":76,"column":43}},"loc":{"start":{"line":76,"column":62},"end":{"line":101,"column":2}}},"5":{"name":"deleteUserById","decl":{"start":{"line":106,"column":22},"end":{"line":106,"column":36}},"loc":{"start":{"line":106,"column":55},"end":{"line":127,"column":2}}}},"branchMap":{"0":{"loc":{"start":{"line":8,"column":4},"end":{"line":11,"column":5}},"type":"if","locations":[{"start":{"line":8,"column":4},"end":{"line":11,"column":5}}]},"1":{"loc":{"start":{"line":8,"column":10},"end":{"line":8,"column":27}},"type":"binary-expr","locations":[{"start":{"line":8,"column":10},"end":{"line":8,"column":15}},{"start":{"line":8,"column":19},"end":{"line":8,"column":27}}]},"2":{"loc":{"start":{"line":18,"column":8},"end":{"line":20,"column":9}},"type":"if","locations":[{"start":{"line":18,"column":8},"end":{"line":20,"column":9}}]},"3":{"loc":{"start":{"line":33,"column":8},"end":{"line":35,"column":9}},"type":"if","locations":[{"start":{"line":33,"column":8},"end":{"line":35,"column":9}}]},"4":{"loc":{"start":{"line":48,"column":8},"end":{"line":53,"column":9}},"type":"if","locations":[{"start":{"line":48,"column":8},"end":{"line":53,"column":9}},{"start":{"line":51,"column":13},"end":{"line":53,"column":9}}]},"5":{"loc":{"start":{"line":81,"column":4},"end":{"line":83,"column":5}},"type":"if","locations":[{"start":{"line":81,"column":4},"end":{"line":83,"column":5}}]},"6":{"loc":{"start":{"line":90,"column":8},"end":{"line":92,"column":9}},"type":"if","locations":[{"start":{"line":90,"column":8},"end":{"line":92,"column":9}}]},"7":{"loc":{"start":{"line":94,"column":8},"end":{"line":96,"column":9}},"type":"if","locations":[{"start":{"line":94,"column":8},"end":{"line":96,"column":9}}]},"8":{"loc":{"start":{"line":111,"column":4},"end":{"line":113,"column":5}},"type":"if","locations":[{"start":{"line":111,"column":4},"end":{"line":113,"column":5}}]},"9":{"loc":{"start":{"line":120,"column":8},"end":{"line":122,"column":9}},"type":"if","locations":[{"start":{"line":120,"column":8},"end":{"line":122,"column":9}}]}},"s":{"0":1,"1":1,"2":1,"3":1,"4":1,"5":1,"6":1,"7":1,"8":1,"9":1,"10":1,"11":1,"12":0,"13":0,"14":0,"15":0,"16":0,"17":0,"18":0,"19":0,"20":0,"21":0,"22":0,"23":0,"24":4,"25":4,"26":4,"27":3,"28":1,"29":2,"30":1,"31":1,"32":0,"33":0,"34":0,"35":0,"36":0,"37":0,"38":0,"39":0,"40":0,"41":0,"42":0,"43":0,"44":0,"45":0,"46":0,"47":0,"48":0,"49":2,"50":2,"51":2,"52":0,"53":4,"54":1,"55":1,"56":1,"57":0,"58":0},"f":{"0":1,"1":0,"2":4,"3":0,"4":0,"5":2},"b":{"0":[1],"1":[1,0],"2":[0],"3":[0],"4":[1,2],"5":[0],"6":[0],"7":[0],"8":[0],"9":[1]}}
,"C:\\Users\\rozse\\Asztali gép\\Iskolai\\Szakmai\\Projekt\\Backstage-Gear\\backend\\src\\user\\userService.ts": {"path":"C:\\Users\\rozse\\Asztali gép\\Iskolai\\Szakmai\\Projekt\\Backstage-Gear\\backend\\src\\user\\userService.ts","statementMap":{"0":{"start":{"line":61,"column":0},"end":{"line":61,"column":22}},"1":{"start":{"line":100,"column":0},"end":{"line":100,"column":22}},"2":{"start":{"line":170,"column":0},"end":{"line":170,"column":22}},"3":{"start":{"line":191,"column":0},"end":{"line":191,"column":22}},"4":{"start":{"line":211,"column":0},"end":{"line":211,"column":22}},"5":{"start":{"line":240,"column":0},"end":{"line":240,"column":22}},"6":{"start":{"line":1,"column":0},"end":{"line":1,"column":38}},"7":{"start":{"line":2,"column":0},"end":{"line":2,"column":31}},"8":{"start":{"line":3,"column":0},"end":{"line":3,"column":35}},"9":{"start":{"line":8,"column":23},"end":{"line":11,"column":null}},"10":{"start":{"line":8,"column":10},"end":{"line":8,"column":23}},"11":{"start":{"line":13,"column":10},"end":{"line":13,"column":60}},"12":{"start":{"line":13,"column":44},"end":{"line":13,"column":59}},"13":{"start":{"line":14,"column":10},"end":{"line":14,"column":44}},"14":{"start":{"line":14,"column":38},"end":{"line":14,"column":43}},"15":{"start":{"line":16,"column":8},"end":{"line":16,"column":13}},"16":{"start":{"line":17,"column":8},"end":{"line":20,"column":10}},"17":{"start":{"line":23,"column":4},"end":{"line":26,"column":6}},"18":{"start":{"line":28,"column":4},"end":{"line":31,"column":6}},"19":{"start":{"line":33,"column":8},"end":{"line":33,"column":19}},"20":{"start":{"line":34,"column":32},"end":{"line":37,"column":null}},"21":{"start":{"line":34,"column":14},"end":{"line":34,"column":32}},"22":{"start":{"line":39,"column":14},"end":{"line":39,"column":60}},"23":{"start":{"line":39,"column":49},"end":{"line":39,"column":59}},"24":{"start":{"line":41,"column":8},"end":{"line":44,"column":10}},"25":{"start":{"line":46,"column":12},"end":{"line":46,"column":19}},"26":{"start":{"line":47,"column":12},"end":{"line":50,"column":14}},"27":{"start":{"line":54,"column":4},"end":{"line":57,"column":6}},"28":{"start":{"line":62,"column":23},"end":{"line":62,"column":null}},"29":{"start":{"line":62,"column":10},"end":{"line":62,"column":null}},"30":{"start":{"line":65,"column":30},"end":{"line":68,"column":null}},"31":{"start":{"line":65,"column":14},"end":{"line":65,"column":30}},"32":{"start":{"line":70,"column":8},"end":{"line":72,"column":9}},"33":{"start":{"line":71,"column":12},"end":{"line":71,"column":51}},"34":{"start":{"line":74,"column":33},"end":{"line":77,"column":null}},"35":{"start":{"line":74,"column":14},"end":{"line":74,"column":33}},"36":{"start":{"line":79,"column":8},"end":{"line":81,"column":9}},"37":{"start":{"line":80,"column":12},"end":{"line":80,"column":48}},"38":{"start":{"line":83,"column":14},"end":{"line":87,"column":10}},"39":{"start":{"line":89,"column":8},"end":{"line":92,"column":10}},"40":{"start":{"line":95,"column":8},"end":{"line":95,"column":31}},"41":{"start":{"line":101,"column":10},"end":{"line":101,"column":49}},"42":{"start":{"line":103,"column":4},"end":{"line":112,"column":5}},"43":{"start":{"line":111,"column":8},"end":{"line":111,"column":40}},"44":{"start":{"line":114,"column":23},"end":{"line":114,"column":null}},"45":{"start":{"line":114,"column":10},"end":{"line":114,"column":null}},"46":{"start":{"line":117,"column":8},"end":{"line":117,"column":44}},"47":{"start":{"line":119,"column":34},"end":{"line":122,"column":null}},"48":{"start":{"line":119,"column":14},"end":{"line":119,"column":34}},"49":{"start":{"line":124,"column":8},"end":{"line":126,"column":9}},"50":{"start":{"line":125,"column":12},"end":{"line":125,"column":45}},"51":{"start":{"line":128,"column":8},"end":{"line":131,"column":10}},"52":{"start":{"line":133,"column":8},"end":{"line":133,"column":34}},"53":{"start":{"line":135,"column":30},"end":{"line":138,"column":null}},"54":{"start":{"line":135,"column":14},"end":{"line":135,"column":30}},"55":{"start":{"line":140,"column":33},"end":{"line":143,"column":null}},"56":{"start":{"line":140,"column":14},"end":{"line":140,"column":33}},"57":{"start":{"line":145,"column":14},"end":{"line":152,"column":10}},"58":{"start":{"line":154,"column":8},"end":{"line":157,"column":10}},"59":{"start":{"line":161,"column":8},"end":{"line":161,"column":36}},"60":{"start":{"line":162,"column":8},"end":{"line":162,"column":18}},"61":{"start":{"line":165,"column":8},"end":{"line":165,"column":31}},"62":{"start":{"line":171,"column":23},"end":{"line":171,"column":null}},"63":{"start":{"line":171,"column":10},"end":{"line":171,"column":null}},"64":{"start":{"line":174,"column":33},"end":{"line":177,"column":null}},"65":{"start":{"line":174,"column":14},"end":{"line":174,"column":33}},"66":{"start":{"line":179,"column":8},"end":{"line":181,"column":9}},"67":{"start":{"line":180,"column":12},"end":{"line":180,"column":47}},"68":{"start":{"line":183,"column":8},"end":{"line":183,"column":20}},"69":{"start":{"line":186,"column":8},"end":{"line":186,"column":31}},"70":{"start":{"line":192,"column":23},"end":{"line":192,"column":null}},"71":{"start":{"line":192,"column":10},"end":{"line":192,"column":null}},"72":{"start":{"line":195,"column":8},"end":{"line":195,"column":44}},"73":{"start":{"line":197,"column":8},"end":{"line":197,"column":49}},"74":{"start":{"line":199,"column":8},"end":{"line":199,"column":34}},"75":{"start":{"line":202,"column":8},"end":{"line":202,"column":36}},"76":{"start":{"line":203,"column":8},"end":{"line":203,"column":18}},"77":{"start":{"line":206,"column":8},"end":{"line":206,"column":31}},"78":{"start":{"line":212,"column":23},"end":{"line":212,"column":null}},"79":{"start":{"line":212,"column":10},"end":{"line":212,"column":null}},"80":{"start":{"line":215,"column":8},"end":{"line":215,"column":44}},"81":{"start":{"line":217,"column":33},"end":{"line":220,"column":null}},"82":{"start":{"line":217,"column":14},"end":{"line":217,"column":33}},"83":{"start":{"line":222,"column":8},"end":{"line":224,"column":9}},"84":{"start":{"line":223,"column":12},"end":{"line":223,"column":46}},"85":{"start":{"line":226,"column":8},"end":{"line":226,"column":49}},"86":{"start":{"line":228,"column":8},"end":{"line":228,"column":34}},"87":{"start":{"line":231,"column":8},"end":{"line":231,"column":36}},"88":{"start":{"line":232,"column":8},"end":{"line":232,"column":18}},"89":{"start":{"line":235,"column":8},"end":{"line":235,"column":31}},"90":{"start":{"line":241,"column":4},"end":{"line":243,"column":5}},"91":{"start":{"line":242,"column":8},"end":{"line":242,"column":44}},"92":{"start":{"line":245,"column":23},"end":{"line":245,"column":null}},"93":{"start":{"line":245,"column":10},"end":{"line":245,"column":null}},"94":{"start":{"line":248,"column":30},"end":{"line":251,"column":null}},"95":{"start":{"line":248,"column":14},"end":{"line":248,"column":30}},"96":{"start":{"line":253,"column":8},"end":{"line":255,"column":9}},"97":{"start":{"line":254,"column":12},"end":{"line":254,"column":54}},"98":{"start":{"line":257,"column":8},"end":{"line":257,"column":31}}},"fnMap":{"0":{"name":"deleteUserData","decl":{"start":{"line":7,"column":15},"end":{"line":7,"column":29}},"loc":{"start":{"line":7,"column":61},"end":{"line":58,"column":null}}},"1":{"name":"(anonymous_20)","decl":{"start":{"line":13,"column":32},"end":{"line":13,"column":33}},"loc":{"start":{"line":13,"column":39},"end":{"line":13,"column":45}}},"2":{"name":"(anonymous_21)","decl":{"start":{"line":14,"column":26},"end":{"line":14,"column":27}},"loc":{"start":{"line":14,"column":33},"end":{"line":14,"column":39}}},"3":{"name":"(anonymous_22)","decl":{"start":{"line":39,"column":37},"end":{"line":39,"column":38}},"loc":{"start":{"line":39,"column":44},"end":{"line":39,"column":50}}},"4":{"name":"signInService","decl":{"start":{"line":61,"column":22},"end":{"line":61,"column":35}},"loc":{"start":{"line":61,"column":67},"end":{"line":97,"column":2}}},"5":{"name":"signUpService","decl":{"start":{"line":100,"column":22},"end":{"line":100,"column":35}},"loc":{"start":{"line":100,"column":57},"end":{"line":167,"column":2}}},"6":{"name":"getIsAdminService","decl":{"start":{"line":170,"column":22},"end":{"line":170,"column":39}},"loc":{"start":{"line":170,"column":54},"end":{"line":188,"column":2}}},"7":{"name":"deleteOwnUserByIdService","decl":{"start":{"line":191,"column":22},"end":{"line":191,"column":46}},"loc":{"start":{"line":191,"column":61},"end":{"line":208,"column":2}}},"8":{"name":"deleteUserByIdService","decl":{"start":{"line":211,"column":22},"end":{"line":211,"column":43}},"loc":{"start":{"line":211,"column":58},"end":{"line":237,"column":2}}},"9":{"name":"updateOwnPasswordByIdService","decl":{"start":{"line":240,"column":22},"end":{"line":240,"column":50}},"loc":{"start":{"line":240,"column":86},"end":{"line":259,"column":2}}}},"branchMap":{"0":{"loc":{"start":{"line":8,"column":23},"end":{"line":11,"column":null}},"type":"switch","locations":[{"start":{"line":8,"column":23},"end":{"line":11,"column":null}},{"start":{"line":23,"column":4},"end":{"line":26,"column":6}},{"start":{"line":54,"column":4},"end":{"line":57,"column":6}}]},"1":{"loc":{"start":{"line":16,"column":8},"end":{"line":16,"column":13}},"type":"if","locations":[{"start":{"line":16,"column":8},"end":{"line":16,"column":13}}]},"2":{"loc":{"start":{"line":33,"column":8},"end":{"line":33,"column":19}},"type":"if","locations":[{"start":{"line":33,"column":8},"end":{"line":33,"column":19}}]},"3":{"loc":{"start":{"line":46,"column":12},"end":{"line":46,"column":19}},"type":"if","locations":[{"start":{"line":46,"column":12},"end":{"line":46,"column":19}}]},"4":{"loc":{"start":{"line":62,"column":23},"end":{"line":62,"column":null}},"type":"switch","locations":[{"start":{"line":62,"column":23},"end":{"line":62,"column":null}},{"start":{"line":95,"column":8},"end":{"line":95,"column":31}}]},"5":{"loc":{"start":{"line":70,"column":8},"end":{"line":72,"column":9}},"type":"if","locations":[{"start":{"line":70,"column":8},"end":{"line":72,"column":9}}]},"6":{"loc":{"start":{"line":79,"column":8},"end":{"line":81,"column":9}},"type":"if","locations":[{"start":{"line":79,"column":8},"end":{"line":81,"column":9}}]},"7":{"loc":{"start":{"line":165,"column":8},"end":{"line":165,"column":31}},"type":"switch","locations":[{"start":{"line":165,"column":8},"end":{"line":165,"column":31}}]},"8":{"loc":{"start":{"line":103,"column":4},"end":{"line":112,"column":5}},"type":"if","locations":[{"start":{"line":103,"column":4},"end":{"line":112,"column":5}}]},"9":{"loc":{"start":{"line":104,"column":8},"end":{"line":109,"column":25}},"type":"binary-expr","locations":[{"start":{"line":104,"column":8},"end":{"line":104,"column":21}},{"start":{"line":105,"column":8},"end":{"line":105,"column":25}},{"start":{"line":106,"column":8},"end":{"line":106,"column":22}},{"start":{"line":107,"column":8},"end":{"line":107,"column":28}},{"start":{"line":108,"column":8},"end":{"line":108,"column":28}},{"start":{"line":109,"column":8},"end":{"line":109,"column":25}}]},"10":{"loc":{"start":{"line":124,"column":8},"end":{"line":126,"column":9}},"type":"if","locations":[{"start":{"line":124,"column":8},"end":{"line":126,"column":9}}]},"11":{"loc":{"start":{"line":171,"column":23},"end":{"line":171,"column":null}},"type":"switch","locations":[{"start":{"line":171,"column":23},"end":{"line":171,"column":null}},{"start":{"line":186,"column":8},"end":{"line":186,"column":31}}]},"12":{"loc":{"start":{"line":179,"column":8},"end":{"line":181,"column":9}},"type":"if","locations":[{"start":{"line":179,"column":8},"end":{"line":181,"column":9}}]},"13":{"loc":{"start":{"line":192,"column":23},"end":{"line":192,"column":null}},"type":"switch","locations":[{"start":{"line":192,"column":23},"end":{"line":192,"column":null}},{"start":{"line":206,"column":8},"end":{"line":206,"column":31}}]},"14":{"loc":{"start":{"line":212,"column":23},"end":{"line":212,"column":null}},"type":"switch","locations":[{"start":{"line":212,"column":23},"end":{"line":212,"column":null}},{"start":{"line":235,"column":8},"end":{"line":235,"column":31}}]},"15":{"loc":{"start":{"line":222,"column":8},"end":{"line":224,"column":9}},"type":"if","locations":[{"start":{"line":222,"column":8},"end":{"line":224,"column":9}}]},"16":{"loc":{"start":{"line":257,"column":8},"end":{"line":257,"column":31}},"type":"switch","locations":[{"start":{"line":257,"column":8},"end":{"line":257,"column":31}}]},"17":{"loc":{"start":{"line":241,"column":4},"end":{"line":243,"column":5}},"type":"if","locations":[{"start":{"line":241,"column":4},"end":{"line":243,"column":5}}]},"18":{"loc":{"start":{"line":241,"column":8},"end":{"line":241,"column":49}},"type":"binary-expr","locations":[{"start":{"line":241,"column":8},"end":{"line":241,"column":20}},{"start":{"line":241,"column":24},"end":{"line":241,"column":49}}]},"19":{"loc":{"start":{"line":253,"column":8},"end":{"line":255,"column":9}},"type":"if","locations":[{"start":{"line":253,"column":8},"end":{"line":255,"column":9}}]}},"s":{"0":1,"1":1,"2":1,"3":1,"4":1,"5":1,"6":1,"7":1,"8":1,"9":3,"10":3,"11":3,"12":3,"13":3,"14":3,"15":3,"16":6,"17":4,"18":4,"19":2,"20":2,"21":2,"22":2,"23":2,"24":4,"25":2,"26":4,"27":4,"28":0,"29":0,"30":0,"31":0,"32":0,"33":0,"34":0,"35":0,"36":0,"37":0,"38":0,"39":0,"40":0,"41":1,"42":1,"43":0,"44":1,"45":1,"46":2,"47":1,"48":1,"49":1,"50":0,"51":2,"52":2,"53":1,"54":1,"55":1,"56":1,"57":1,"58":1,"59":0,"60":0,"61":2,"62":0,"63":0,"64":0,"65":0,"66":0,"67":0,"68":0,"69":0,"70":2,"71":2,"72":4,"73":4,"74":2,"75":2,"76":1,"77":4,"78":2,"79":2,"80":4,"81":2,"82":2,"83":2,"84":1,"85":2,"86":2,"87":2,"88":1,"89":4,"90":3,"91":1,"92":2,"93":2,"94":2,"95":2,"96":2,"97":1,"98":4},"f":{"0":3,"1":3,"2":3,"3":2,"4":0,"5":1,"6":0,"7":2,"8":2,"9":3},"b":{"0":[3,2,2],"1":[0],"2":[0],"3":[0],"4":[0,0],"5":[0],"6":[0],"7":[1],"8":[0],"9":[1,1,1,1,1,1],"10":[0],"11":[0,0],"12":[0],"13":[2,2],"14":[2,2],"15":[1],"16":[2],"17":[1],"18":[3,3],"19":[1]}}
,"C:\\Users\\rozse\\Asztali gép\\Iskolai\\Szakmai\\Projekt\\Backstage-Gear\\backend\\src\\validators\\id.validator.ts": {"path":"C:\\Users\\rozse\\Asztali gép\\Iskolai\\Szakmai\\Projekt\\Backstage-Gear\\backend\\src\\validators\\id.validator.ts","statementMap":{"0":{"start":{"line":3,"column":0},"end":{"line":3,"column":16}},"1":{"start":{"line":10,"column":0},"end":{"line":10,"column":16}},"2":{"start":{"line":4,"column":4},"end":{"line":7,"column":5}},"3":{"start":{"line":5,"column":8},"end":{"line":5,"column":67}},"4":{"start":{"line":6,"column":8},"end":{"line":6,"column":15}},"5":{"start":{"line":11,"column":4},"end":{"line":14,"column":5}},"6":{"start":{"line":12,"column":8},"end":{"line":12,"column":59}},"7":{"start":{"line":13,"column":8},"end":{"line":13,"column":15}}},"fnMap":{"0":{"name":"idIsNan","decl":{"start":{"line":3,"column":16},"end":{"line":3,"column":23}},"loc":{"start":{"line":3,"column":49},"end":{"line":8,"column":1}}},"1":{"name":"bodyIsUndefined","decl":{"start":{"line":10,"column":16},"end":{"line":10,"column":31}},"loc":{"start":{"line":10,"column":59},"end":{"line":15,"column":1}}}},"branchMap":{"0":{"loc":{"start":{"line":4,"column":4},"end":{"line":7,"column":5}},"type":"if","locations":[{"start":{"line":4,"column":4},"end":{"line":7,"column":5}}]},"1":{"loc":{"start":{"line":11,"column":4},"end":{"line":14,"column":5}},"type":"if","locations":[{"start":{"line":11,"column":4},"end":{"line":14,"column":5}}]}},"s":{"0":1,"1":1,"2":2,"3":0,"4":0,"5":0,"6":0,"7":0},"f":{"0":2,"1":0},"b":{"0":[0],"1":[0]}}
}
