TN:
SF:src\advertisement\advertisementService.ts
FN:35,formatAdsWithFiles
FN:36,(anonymous_20)
FN:39,(anonymous_21)
FN:50,ensureCreatePayload
FN:68,ensureAdPicturesDir
FN:74,cleanupSavedFiles
FN:94,saveUploadedFiles
FN:124,getAdsService
FN:154,getLatestAdsService
FN:190,getAdDatasByIdService
FN:231,getUserAdsService
FN:264,getUserAdByIdService
FN:305,reportAdByIdService
FN:336,getBrandsService
FN:355,postNewAdvertisementService
FN:416,getFilteredAdvertisementsService
FN:435,(anonymous_55)
FN:436,(anonymous_56)
FN:438,(anonymous_57)
FN:447,(anonymous_58)
FN:448,(anonymous_59)
FN:450,(anonymous_60)
FN:511,deleteOwnAdByIdService
FN:583,patchAdByIdService
FN:657,getReportedAdsService
FN:689,getReportedAdByIdService
FN:730,deleteAdFromReportedAdsByIdService
FN:748,deleteUsersAdByIdService
FNF:28
FNH:21
FNDA:3,formatAdsWithFiles
FNDA:3,(anonymous_20)
FNDA:6,(anonymous_21)
FNDA:4,ensureCreatePayload
FNDA:4,ensureAdPicturesDir
FNDA:3,cleanupSavedFiles
FNDA:4,saveUploadedFiles
FNDA:2,getAdsService
FNDA:0,getLatestAdsService
FNDA:0,getAdDatasByIdService
FNDA:0,getUserAdsService
FNDA:1,getUserAdByIdService
FNDA:2,reportAdByIdService
FNDA:0,getBrandsService
FNDA:4,postNewAdvertisementService
FNDA:1,getFilteredAdvertisementsService
FNDA:2,(anonymous_55)
FNDA:2,(anonymous_56)
FNDA:2,(anonymous_57)
FNDA:2,(anonymous_58)
FNDA:2,(anonymous_59)
FNDA:2,(anonymous_60)
FNDA:2,deleteOwnAdByIdService
FNDA:3,patchAdByIdService
FNDA:0,getReportedAdsService
FNDA:0,getReportedAdByIdService
FNDA:1,deleteAdFromReportedAdsByIdService
FNDA:0,deleteUsersAdByIdService
DA:1,1
DA:2,1
DA:3,1
DA:4,1
DA:5,1
DA:35,5
DA:36,3
DA:40,6
DA:41,2
DA:44,4
DA:58,24
DA:60,4
DA:64,1
DA:69,4
DA:70,4
DA:71,4
DA:75,3
DA:76,1
DA:77,1
DA:79,1
DA:80,1
DA:81,1
DA:86,0
DA:87,0
DA:100,4
DA:102,6
DA:103,6
DA:105,6
DA:110,10
DA:115,8
DA:120,4
DA:124,1
DA:125,2
DA:128,2
DA:143,2
DA:144,1
DA:147,1
DA:150,4
DA:154,1
DA:155,0
DA:158,0
DA:179,0
DA:180,0
DA:183,0
DA:186,0
DA:190,1
DA:191,0
DA:194,0
DA:220,0
DA:221,0
DA:224,0
DA:227,0
DA:231,1
DA:232,0
DA:235,0
DA:253,0
DA:254,0
DA:257,0
DA:260,0
DA:264,1
DA:265,1
DA:268,1
DA:294,1
DA:295,0
DA:298,1
DA:301,2
DA:305,1
DA:306,2
DA:309,2
DA:314,2
DA:315,0
DA:318,2
DA:319,1
DA:322,1
DA:327,1
DA:328,0
DA:332,4
DA:336,1
DA:337,0
DA:340,0
DA:344,0
DA:345,0
DA:348,0
DA:351,0
DA:355,1
DA:358,6
DA:360,4
DA:362,3
DA:363,3
DA:366,6
DA:368,3
DA:374,3
DA:376,3
DA:382,3
DA:384,3
DA:390,3
DA:392,4
DA:393,4
DA:396,2
DA:403,4
DA:404,2
DA:407,2
DA:408,1
DA:409,1
DA:412,6
DA:416,1
DA:417,1
DA:421,1
DA:431,1
DA:432,1
DA:434,1
DA:435,2
DA:436,2
DA:437,1
DA:438,2
DA:441,1
DA:442,1
DA:443,1
DA:446,1
DA:447,2
DA:448,2
DA:449,1
DA:450,2
DA:453,1
DA:454,1
DA:455,1
DA:458,1
DA:459,1
DA:460,1
DA:463,1
DA:464,1
DA:465,1
DA:466,1
DA:469,1
DA:470,1
DA:471,1
DA:472,1
DA:474,1
DA:497,1
DA:499,1
DA:507,1
DA:511,1
DA:512,2
DA:515,4
DA:517,2
DA:522,3
DA:523,2
DA:524,1
DA:527,1
DA:529,1
DA:534,1
DA:536,2
DA:541,2
DA:546,1
DA:551,1
DA:552,2
DA:557,1
DA:558,1
DA:563,1
DA:564,2
DA:572,2
DA:575,2
DA:576,1
DA:579,4
DA:583,1
DA:587,4
DA:589,3
DA:590,3
DA:593,6
DA:595,3
DA:600,6
DA:601,0
DA:602,0
DA:605,5
DA:606,2
DA:607,1
DA:610,2
DA:612,2
DA:617,2
DA:619,2
DA:620,4
DA:626,4
DA:631,4
DA:636,2
DA:637,4
DA:642,4
DA:645,2
DA:648,4
DA:649,2
DA:650,2
DA:653,6
DA:657,1
DA:658,0
DA:661,0
DA:678,0
DA:679,0
DA:682,0
DA:685,0
DA:689,1
DA:690,0
DA:693,0
DA:719,0
DA:720,0
DA:723,0
DA:726,0
DA:730,1
DA:731,1
DA:734,1
DA:739,1
DA:740,1
DA:744,2
DA:748,1
DA:749,0
DA:752,0
DA:754,0
DA:759,0
DA:760,0
DA:761,0
DA:764,0
DA:769,0
DA:770,0
DA:771,0
DA:774,0
DA:776,0
DA:781,0
DA:783,0
DA:788,0
DA:793,0
DA:798,0
DA:799,0
DA:804,0
DA:805,0
DA:810,0
DA:811,0
DA:819,0
DA:822,0
DA:823,0
DA:826,0
LF:238
LH:169
BRDA:35,0,0,2
BRDA:38,1,0,3
BRDA:38,1,1,0
BRDA:40,2,0,2
BRDA:40,3,0,6
BRDA:40,3,1,4
BRDA:60,4,0,1
BRDA:61,5,0,4
BRDA:61,5,1,3
BRDA:61,5,2,3
BRDA:61,5,3,3
BRDA:61,5,4,3
BRDA:61,5,5,3
BRDA:125,6,0,2
BRDA:125,6,1,2
BRDA:143,7,0,1
BRDA:155,8,0,0
BRDA:155,8,1,0
BRDA:179,9,0,0
BRDA:191,10,0,0
BRDA:191,10,1,0
BRDA:220,11,0,0
BRDA:232,12,0,0
BRDA:232,12,1,0
BRDA:253,13,0,0
BRDA:265,14,0,1
BRDA:265,14,1,1
BRDA:294,15,0,0
BRDA:306,16,0,2
BRDA:306,16,1,2
BRDA:314,17,0,0
BRDA:318,18,0,1
BRDA:327,19,0,0
BRDA:337,20,0,0
BRDA:337,20,1,0
BRDA:344,21,0,0
BRDA:358,22,0,2
BRDA:396,23,0,1
BRDA:396,23,1,2
BRDA:396,23,2,3
BRDA:392,24,0,1
BRDA:417,25,0,1
BRDA:427,26,0,0
BRDA:427,26,1,1
BRDA:428,27,0,0
BRDA:428,27,1,1
BRDA:434,28,0,1
BRDA:441,29,0,1
BRDA:446,30,0,1
BRDA:453,31,0,1
BRDA:458,32,0,1
BRDA:463,33,0,1
BRDA:472,34,0,1
BRDA:472,34,1,0
BRDA:512,35,0,2
BRDA:512,35,1,1
BRDA:512,35,2,2
BRDA:522,36,0,1
BRDA:534,37,0,0
BRDA:534,37,1,1
BRDA:534,38,0,1
BRDA:534,38,1,1
BRDA:551,39,0,0
BRDA:557,40,0,0
BRDA:563,41,0,0
BRDA:587,42,0,1
BRDA:589,43,0,3
BRDA:589,43,1,2
BRDA:589,43,2,1
BRDA:589,43,3,3
BRDA:600,44,0,3
BRDA:605,45,0,2
BRDA:617,46,0,0
BRDA:617,46,1,2
BRDA:617,47,0,2
BRDA:617,47,1,2
BRDA:619,48,0,0
BRDA:622,49,0,1
BRDA:622,49,1,1
BRDA:622,50,0,2
BRDA:622,50,1,2
BRDA:622,51,0,1
BRDA:622,51,1,1
BRDA:622,52,0,2
BRDA:622,52,1,2
BRDA:622,53,0,1
BRDA:622,53,1,1
BRDA:622,54,0,2
BRDA:622,54,1,2
BRDA:628,55,0,1
BRDA:628,55,1,1
BRDA:628,56,0,2
BRDA:628,56,1,2
BRDA:628,57,0,1
BRDA:628,57,1,1
BRDA:628,58,0,2
BRDA:628,58,1,2
BRDA:633,59,0,2
BRDA:633,59,1,0
BRDA:633,60,0,2
BRDA:633,60,1,2
BRDA:636,61,0,0
BRDA:658,62,0,0
BRDA:658,62,1,0
BRDA:678,63,0,0
BRDA:690,64,0,0
BRDA:690,64,1,0
BRDA:719,65,0,0
BRDA:731,66,0,1
BRDA:731,66,1,1
BRDA:739,67,0,1
BRDA:749,68,0,0
BRDA:749,68,1,0
BRDA:749,68,2,0
BRDA:749,68,3,0
BRDA:759,69,0,0
BRDA:769,70,0,0
BRDA:781,71,0,0
BRDA:781,71,1,0
BRDA:781,72,0,0
BRDA:781,72,1,0
BRDA:798,73,0,0
BRDA:804,74,0,0
BRDA:810,75,0,0
BRF:124
BRH:78
end_of_record
TN:
SF:src\cart\cartService.ts
FN:4,formatCartAds
FN:5,(anonymous_18)
FN:8,(anonymous_19)
FN:13,getAdsFromUserCartService
FN:47,getAdByIdFromUserCartService
FN:87,putNewAdIntoCartByAdIdService
FN:132,deleteAdFromCartByAdIdService
FNF:7
FNH:7
FNDA:2,formatCartAds
FNDA:2,(anonymous_18)
FNDA:4,(anonymous_19)
FNDA:2,getAdsFromUserCartService
FNDA:2,getAdByIdFromUserCartService
FNDA:5,putNewAdIntoCartByAdIdService
FNDA:3,deleteAdFromCartByAdIdService
DA:1,1
DA:2,1
DA:5,2
DA:8,4
DA:13,1
DA:14,2
DA:17,2
DA:36,2
DA:37,1
DA:40,1
DA:43,4
DA:47,1
DA:48,2
DA:51,2
DA:76,2
DA:77,1
DA:80,1
DA:83,4
DA:87,1
DA:88,5
DA:91,5
DA:96,5
DA:97,1
DA:100,4
DA:105,4
DA:106,1
DA:109,3
DA:114,3
DA:115,1
DA:118,2
DA:123,2
DA:124,1
DA:128,10
DA:132,1
DA:133,3
DA:136,3
DA:141,3
DA:142,1
DA:145,2
DA:150,2
DA:151,1
DA:155,6
LF:42
LH:42
BRDA:7,0,0,2
BRDA:7,0,1,0
BRDA:8,1,0,1
BRDA:8,1,1,3
BRDA:14,2,0,2
BRDA:14,2,1,2
BRDA:36,3,0,1
BRDA:48,4,0,2
BRDA:48,4,1,2
BRDA:76,5,0,1
BRDA:88,6,0,5
BRDA:88,6,1,5
BRDA:96,7,0,1
BRDA:105,8,0,1
BRDA:114,9,0,1
BRDA:123,10,0,1
BRDA:133,11,0,3
BRDA:133,11,1,3
BRDA:141,12,0,1
BRDA:150,13,0,1
BRF:20
BRH:19
end_of_record
TN:
SF:src\category\categoryService.ts
FN:7,getCategoriesService
FN:19,(anonymous_20)
FNF:2
FNH:2
FNDA:2,getCategoriesService
FNDA:2,(anonymous_20)
DA:1,1
DA:2,1
DA:5,1
DA:7,1
DA:8,2
DA:11,2
DA:15,2
DA:16,1
DA:19,2
DA:25,4
LF:10
LH:10
BRDA:8,0,0,2
BRDA:8,0,1,2
BRDA:15,1,0,1
BRF:3
BRH:3
end_of_record
TN:
SF:src\config\config.ts
FNF:0
FNH:0
DA:1,6
DA:2,6
DA:4,6
DA:6,6
DA:14,6
DA:23,6
LF:6
LH:6
BRDA:7,0,0,6
BRDA:7,0,1,6
BRDA:8,1,0,6
BRDA:8,1,1,6
BRDA:9,2,0,6
BRDA:9,2,1,6
BRDA:10,3,0,6
BRDA:10,3,1,6
BRDA:11,4,0,6
BRDA:11,4,1,6
BRDA:15,5,0,6
BRDA:15,5,1,6
BRDA:16,6,0,6
BRDA:16,6,1,6
BRDA:18,7,0,0
BRDA:18,7,1,6
BRDA:18,8,0,6
BRDA:18,8,1,6
BRDA:20,9,0,0
BRDA:20,9,1,6
BRDA:20,10,0,6
BRDA:20,10,1,6
BRF:22
BRH:20
end_of_record
TN:
SF:src\message\messageService.ts
FN:5,ensureUserExists
FN:17,getUserIncomingMessagesService
FN:49,getUserIncomingMessageByIdService
FN:81,getUserSentMessagesService
FN:113,getUserSentMessageByIdService
FN:145,postNewMessageService
FN:170,deleteMessageByIdService
FN:204,patchMessageByIdService
FNF:8
FNH:8
FNDA:12,ensureUserExists
FNDA:3,getUserIncomingMessagesService
FNDA:2,getUserIncomingMessageByIdService
FNDA:2,getUserSentMessagesService
FNDA:2,getUserSentMessageByIdService
FNDA:4,postNewMessageService
FNDA:3,deleteMessageByIdService
FNDA:4,patchMessageByIdService
DA:1,1
DA:2,1
DA:6,12
DA:11,12
DA:12,2
DA:17,1
DA:18,3
DA:21,6
DA:23,2
DA:37,2
DA:38,1
DA:41,1
DA:44,6
DA:49,1
DA:50,2
DA:53,4
DA:55,2
DA:69,2
DA:70,1
DA:73,1
DA:76,4
DA:81,1
DA:82,2
DA:85,4
DA:87,2
DA:101,2
DA:102,1
DA:105,1
DA:108,4
DA:113,1
DA:114,2
DA:117,4
DA:119,2
DA:133,2
DA:134,1
DA:137,1
DA:140,4
DA:145,1
DA:146,4
DA:147,1
DA:150,3
DA:153,6
DA:155,2
DA:160,2
DA:161,1
DA:165,6
DA:170,1
DA:171,3
DA:174,3
DA:183,3
DA:184,1
DA:187,2
DA:192,2
DA:193,1
DA:196,1
DA:199,6
DA:204,1
DA:205,4
DA:206,1
DA:209,3
DA:212,3
DA:221,3
DA:222,1
DA:225,2
DA:230,2
DA:231,1
DA:234,1
DA:237,6
LF:68
LH:68
BRDA:6,0,0,12
BRDA:11,1,0,2
BRDA:18,2,0,3
BRDA:18,2,1,3
BRDA:37,3,0,1
BRDA:50,4,0,2
BRDA:50,4,1,2
BRDA:69,5,0,1
BRDA:82,6,0,2
BRDA:82,6,1,2
BRDA:101,7,0,1
BRDA:114,8,0,2
BRDA:114,8,1,2
BRDA:133,9,0,1
BRDA:165,10,0,3
BRDA:146,11,0,1
BRDA:146,12,0,4
BRDA:146,12,1,4
BRDA:160,13,0,1
BRDA:171,14,0,3
BRDA:171,14,1,3
BRDA:183,15,0,1
BRDA:192,16,0,1
BRDA:237,17,0,3
BRDA:205,18,0,1
BRDA:205,19,0,4
BRDA:205,19,1,4
BRDA:221,20,0,1
BRDA:230,21,0,1
BRF:29
BRH:29
end_of_record
TN:
SF:src\profile\profileService.ts
FN:17,formatProfile
FN:24,ensureProfilePicturesDir
FN:30,cleanupUploadedProfileFile
FN:52,getProfileDatasByIdService
FN:85,getUsersProfileDatasByIdService
FN:118,voteProfileByIdService
FN:153,patchProfileByIdService
FNF:7
FNH:7
FNDA:2,formatProfile
FNDA:2,ensureProfilePicturesDir
FNDA:2,cleanupUploadedProfileFile
FNDA:2,getProfileDatasByIdService
FNDA:1,getUsersProfileDatasByIdService
FNDA:4,voteProfileByIdService
FNDA:4,patchProfileByIdService
DA:1,1
DA:2,1
DA:3,1
DA:4,1
DA:18,2
DA:25,2
DA:26,2
DA:27,2
DA:31,2
DA:32,1
DA:35,1
DA:36,1
DA:38,1
DA:39,1
DA:40,1
DA:45,0
DA:46,0
DA:52,1
DA:53,2
DA:56,2
DA:74,2
DA:75,1
DA:78,1
DA:81,4
DA:85,1
DA:86,1
DA:89,1
DA:107,1
DA:108,0
DA:111,1
DA:114,2
DA:118,1
DA:119,4
DA:120,1
DA:123,3
DA:126,3
DA:131,3
DA:132,1
DA:135,2
DA:136,1
DA:139,2
DA:149,6
DA:153,1
DA:158,4
DA:161,8
DA:163,4
DA:168,7
DA:169,2
DA:170,1
DA:173,3
DA:174,3
DA:176,3
DA:177,6
DA:183,4
DA:184,2
DA:186,2
DA:191,4
DA:196,1
DA:197,1
DA:198,1
DA:204,2
DA:210,4
DA:213,4
DA:214,2
DA:215,2
DA:218,8
LF:66
LH:63
BRDA:31,0,0,1
BRDA:53,1,0,2
BRDA:53,1,1,2
BRDA:74,2,0,1
BRDA:86,3,0,1
BRDA:86,3,1,1
BRDA:107,4,0,0
BRDA:149,5,0,3
BRDA:119,6,0,1
BRDA:119,7,0,4
BRDA:119,7,1,2
BRDA:131,8,0,1
BRDA:135,9,0,1
BRDA:158,10,0,4
BRDA:158,10,1,2
BRDA:158,10,2,4
BRDA:168,11,0,3
BRDA:168,12,0,4
BRDA:168,12,1,4
BRDA:176,13,0,0
BRDA:176,14,0,3
BRDA:176,14,1,0
BRDA:179,15,0,3
BRDA:179,15,1,0
BRDA:179,16,0,3
BRDA:179,16,1,3
BRDA:179,17,0,1
BRDA:179,17,1,2
BRDA:179,18,0,3
BRDA:179,18,1,3
BRDA:183,19,0,1
BRDA:196,20,0,1
BRDA:196,21,0,1
BRDA:196,21,1,1
BRF:34
BRH:30
end_of_record
TN:
SF:src\user\userController.ts
FN:5,signIn
FN:27,signUp
FN:42,getIsAdminById
FN:62,deleteOwnUserById
FN:76,updateOwnPasswordById
FN:106,deleteUserById
FNF:6
FNH:3
FNDA:1,signIn
FNDA:0,signUp
FNDA:4,getIsAdminById
FNDA:0,deleteOwnUserById
FNDA:0,updateOwnPasswordById
FNDA:2,deleteUserById
DA:1,1
DA:2,1
DA:5,1
DA:6,1
DA:8,1
DA:9,1
DA:10,1
DA:14,0
DA:15,0
DA:18,0
DA:19,0
DA:22,0
DA:27,1
DA:29,0
DA:30,0
DA:33,0
DA:34,0
DA:37,0
DA:42,1
DA:43,4
DA:46,4
DA:48,3
DA:49,1
DA:52,2
DA:56,1
DA:57,1
DA:62,1
DA:63,0
DA:66,0
DA:67,0
DA:70,0
DA:71,0
DA:76,1
DA:77,0
DA:79,0
DA:81,0
DA:82,0
DA:86,0
DA:87,0
DA:90,0
DA:91,0
DA:94,0
DA:95,0
DA:98,0
DA:99,0
DA:106,1
DA:107,2
DA:109,2
DA:111,2
DA:112,0
DA:116,4
DA:117,1
DA:120,1
DA:121,1
DA:124,0
DA:125,0
LF:56
LH:26
BRDA:8,0,0,1
BRDA:8,1,0,1
BRDA:8,1,1,0
BRDA:18,2,0,0
BRDA:33,3,0,0
BRDA:48,4,0,1
BRDA:48,4,1,2
BRDA:81,5,0,0
BRDA:90,6,0,0
BRDA:94,7,0,0
BRDA:111,8,0,0
BRDA:120,9,0,1
BRF:12
BRH:5
end_of_record
TN:
SF:src\user\userService.ts
FN:7,deleteUserData
FN:13,(anonymous_20)
FN:14,(anonymous_21)
FN:39,(anonymous_22)
FN:61,signInService
FN:100,signUpService
FN:170,getIsAdminService
FN:191,deleteOwnUserByIdService
FN:211,deleteUserByIdService
FN:240,updateOwnPasswordByIdService
FNF:10
FNH:8
FNDA:3,deleteUserData
FNDA:3,(anonymous_20)
FNDA:3,(anonymous_21)
FNDA:2,(anonymous_22)
FNDA:0,signInService
FNDA:1,signUpService
FNDA:0,getIsAdminService
FNDA:2,deleteOwnUserByIdService
FNDA:2,deleteUserByIdService
FNDA:3,updateOwnPasswordByIdService
DA:1,1
DA:2,1
DA:3,1
DA:8,3
DA:13,3
DA:14,3
DA:16,3
DA:17,6
DA:23,4
DA:28,4
DA:33,2
DA:34,2
DA:39,2
DA:41,4
DA:46,2
DA:47,4
DA:54,4
DA:61,1
DA:62,0
DA:65,0
DA:70,0
DA:71,0
DA:74,0
DA:79,0
DA:80,0
DA:83,0
DA:89,0
DA:95,0
DA:100,1
DA:101,1
DA:103,1
DA:111,0
DA:114,1
DA:117,2
DA:119,1
DA:124,1
DA:125,0
DA:128,2
DA:133,2
DA:135,1
DA:140,1
DA:145,1
DA:154,1
DA:161,0
DA:162,0
DA:165,2
DA:170,1
DA:171,0
DA:174,0
DA:179,0
DA:180,0
DA:183,0
DA:186,0
DA:191,1
DA:192,2
DA:195,4
DA:197,4
DA:199,2
DA:202,2
DA:203,1
DA:206,4
DA:211,1
DA:212,2
DA:215,4
DA:217,2
DA:222,2
DA:223,1
DA:226,2
DA:228,2
DA:231,2
DA:232,1
DA:235,4
DA:240,1
DA:241,3
DA:242,1
DA:245,2
DA:248,2
DA:253,2
DA:254,1
DA:257,4
LF:80
LH:60
BRDA:8,0,0,3
BRDA:8,0,1,2
BRDA:8,0,2,2
BRDA:16,1,0,0
BRDA:33,2,0,0
BRDA:46,3,0,0
BRDA:62,4,0,0
BRDA:62,4,1,0
BRDA:70,5,0,0
BRDA:79,6,0,0
BRDA:165,7,0,1
BRDA:103,8,0,0
BRDA:104,9,0,1
BRDA:104,9,1,1
BRDA:104,9,2,1
BRDA:104,9,3,1
BRDA:104,9,4,1
BRDA:104,9,5,1
BRDA:124,10,0,0
BRDA:171,11,0,0
BRDA:171,11,1,0
BRDA:179,12,0,0
BRDA:192,13,0,2
BRDA:192,13,1,2
BRDA:212,14,0,2
BRDA:212,14,1,2
BRDA:222,15,0,1
BRDA:257,16,0,2
BRDA:241,17,0,1
BRDA:241,18,0,3
BRDA:241,18,1,3
BRDA:253,19,0,1
BRF:32
BRH:20
end_of_record
TN:
SF:src\validators\id.validator.ts
FN:3,idIsNan
FN:10,bodyIsUndefined
FNF:2
FNH:1
FNDA:2,idIsNan
FNDA:0,bodyIsUndefined
DA:3,1
DA:4,2
DA:5,0
DA:6,0
DA:10,1
DA:11,0
DA:12,0
DA:13,0
LF:8
LH:3
BRDA:4,0,0,0
BRDA:11,1,0,0
BRF:2
BRH:0
end_of_record
